{"C:\\Users\\User\\Documents\\projets\\erp-speedboat-tour\\src\\core\\common\\Logger.ts": {"path":"C:\\Users\\User\\Documents\\projets\\erp-speedboat-tour\\src\\core\\common\\Logger.ts","statementMap":{"0":{"start":{"line":2,"column":7},"end":{"line":2,"column":null}},"1":{"start":{"line":3,"column":2},"end":{"line":3,"column":null}},"2":{"start":{"line":4,"column":2},"end":{"line":4,"column":null}},"3":{"start":{"line":5,"column":2},"end":{"line":5,"column":null}},"4":{"start":{"line":6,"column":2},"end":{"line":6,"column":null}},"5":{"start":{"line":2,"column":12},"end":{"line":2,"column":null}},"6":{"start":{"line":19,"column":29},"end":{"line":19,"column":null}},"7":{"start":{"line":20,"column":20},"end":{"line":20,"column":null}},"8":{"start":{"line":25,"column":4},"end":{"line":27,"column":null}},"9":{"start":{"line":26,"column":6},"end":{"line":26,"column":null}},"10":{"start":{"line":28,"column":4},"end":{"line":28,"column":null}},"11":{"start":{"line":32,"column":28},"end":{"line":38,"column":null}},"12":{"start":{"line":40,"column":4},"end":{"line":40,"column":null}},"13":{"start":{"line":43,"column":4},"end":{"line":45,"column":null}},"14":{"start":{"line":44,"column":6},"end":{"line":44,"column":null}},"15":{"start":{"line":48,"column":4},"end":{"line":67,"column":null}},"16":{"start":{"line":49,"column":24},"end":{"line":49,"column":null}},"17":{"start":{"line":50,"column":25},"end":{"line":50,"column":null}},"18":{"start":{"line":51,"column":23},"end":{"line":51,"column":null}},"19":{"start":{"line":53,"column":6},"end":{"line":66,"column":null}},"20":{"start":{"line":55,"column":10},"end":{"line":55,"column":null}},"21":{"start":{"line":56,"column":10},"end":{"line":56,"column":null}},"22":{"start":{"line":58,"column":10},"end":{"line":58,"column":null}},"23":{"start":{"line":59,"column":10},"end":{"line":59,"column":null}},"24":{"start":{"line":61,"column":10},"end":{"line":61,"column":null}},"25":{"start":{"line":62,"column":10},"end":{"line":62,"column":null}},"26":{"start":{"line":64,"column":10},"end":{"line":64,"column":null}},"27":{"start":{"line":65,"column":10},"end":{"line":65,"column":null}},"28":{"start":{"line":71,"column":4},"end":{"line":71,"column":null}},"29":{"start":{"line":75,"column":4},"end":{"line":75,"column":null}},"30":{"start":{"line":79,"column":4},"end":{"line":79,"column":null}},"31":{"start":{"line":83,"column":4},"end":{"line":83,"column":null}},"32":{"start":{"line":87,"column":4},"end":{"line":87,"column":null}},"33":{"start":{"line":91,"column":4},"end":{"line":91,"column":null}},"34":{"start":{"line":95,"column":22},"end":{"line":95,"column":null}}},"fnMap":{"0":{"name":"(anonymous_0)","decl":{"start":{"line":2,"column":7},"end":{"line":2,"column":12}},"loc":{"start":{"line":2,"column":7},"end":{"line":2,"column":null}},"line":2},"1":{"name":"(anonymous_1)","decl":{"start":{"line":22,"column":10},"end":{"line":22,"column":24}},"loc":{"start":{"line":22,"column":24},"end":{"line":22,"column":null}},"line":22},"2":{"name":"(anonymous_2)","decl":{"start":{"line":24,"column":16},"end":{"line":24,"column":38}},"loc":{"start":{"line":24,"column":38},"end":{"line":29,"column":null}},"line":24},"3":{"name":"(anonymous_3)","decl":{"start":{"line":31,"column":10},"end":{"line":31,"column":14}},"loc":{"start":{"line":31,"column":98},"end":{"line":68,"column":null}},"line":31},"4":{"name":"(anonymous_4)","decl":{"start":{"line":70,"column":2},"end":{"line":70,"column":8}},"loc":{"start":{"line":70,"column":75},"end":{"line":72,"column":null}},"line":70},"5":{"name":"(anonymous_5)","decl":{"start":{"line":74,"column":2},"end":{"line":74,"column":7}},"loc":{"start":{"line":74,"column":59},"end":{"line":76,"column":null}},"line":74},"6":{"name":"(anonymous_6)","decl":{"start":{"line":78,"column":2},"end":{"line":78,"column":7}},"loc":{"start":{"line":78,"column":59},"end":{"line":80,"column":null}},"line":78},"7":{"name":"(anonymous_7)","decl":{"start":{"line":82,"column":2},"end":{"line":82,"column":8}},"loc":{"start":{"line":82,"column":60},"end":{"line":84,"column":null}},"line":82},"8":{"name":"(anonymous_8)","decl":{"start":{"line":86,"column":2},"end":{"line":86,"column":24}},"loc":{"start":{"line":86,"column":24},"end":{"line":88,"column":null}},"line":86},"9":{"name":"(anonymous_9)","decl":{"start":{"line":90,"column":2},"end":{"line":90,"column":10}},"loc":{"start":{"line":90,"column":10},"end":{"line":92,"column":null}},"line":90}},"branchMap":{"0":{"loc":{"start":{"line":2,"column":12},"end":{"line":2,"column":null}},"type":"binary-expr","locations":[{"start":{"line":2,"column":12},"end":{"line":2,"column":null}},{"start":{"line":2,"column":12},"end":{"line":2,"column":null}}],"line":2},"1":{"loc":{"start":{"line":25,"column":4},"end":{"line":27,"column":null}},"type":"if","locations":[{"start":{"line":25,"column":4},"end":{"line":27,"column":null}},{"start":{},"end":{}}],"line":25},"2":{"loc":{"start":{"line":43,"column":4},"end":{"line":45,"column":null}},"type":"if","locations":[{"start":{"line":43,"column":4},"end":{"line":45,"column":null}},{"start":{},"end":{}}],"line":43},"3":{"loc":{"start":{"line":48,"column":4},"end":{"line":67,"column":null}},"type":"if","locations":[{"start":{"line":48,"column":4},"end":{"line":67,"column":null}},{"start":{},"end":{}}],"line":48},"4":{"loc":{"start":{"line":48,"column":8},"end":{"line":48,"column":97}},"type":"binary-expr","locations":[{"start":{"line":48,"column":8},"end":{"line":48,"column":42}},{"start":{"line":48,"column":42},"end":{"line":48,"column":97}}],"line":48},"5":{"loc":{"start":{"line":50,"column":25},"end":{"line":50,"column":null}},"type":"cond-expr","locations":[{"start":{"line":50,"column":35},"end":{"line":50,"column":78}},{"start":{"line":50,"column":78},"end":{"line":50,"column":null}}],"line":50},"6":{"loc":{"start":{"line":51,"column":23},"end":{"line":51,"column":null}},"type":"cond-expr","locations":[{"start":{"line":51,"column":31},"end":{"line":51,"column":62}},{"start":{"line":51,"column":62},"end":{"line":51,"column":null}}],"line":51},"7":{"loc":{"start":{"line":53,"column":6},"end":{"line":66,"column":null}},"type":"switch","locations":[{"start":{"line":54,"column":8},"end":{"line":56,"column":null}},{"start":{"line":57,"column":8},"end":{"line":59,"column":null}},{"start":{"line":60,"column":8},"end":{"line":62,"column":null}},{"start":{"line":63,"column":8},"end":{"line":65,"column":null}}],"line":53}},"s":{"0":1,"1":1,"2":1,"3":1,"4":1,"5":1,"6":1,"7":1,"8":1,"9":1,"10":1,"11":0,"12":0,"13":0,"14":0,"15":0,"16":0,"17":0,"18":0,"19":0,"20":0,"21":0,"22":0,"23":0,"24":0,"25":0,"26":0,"27":0,"28":0,"29":0,"30":0,"31":0,"32":0,"33":0,"34":1},"f":{"0":1,"1":1,"2":1,"3":0,"4":0,"5":0,"6":0,"7":0,"8":0,"9":0},"b":{"0":[1,1],"1":[1,0],"2":[0,0],"3":[0,0],"4":[0,0],"5":[0,0],"6":[0,0],"7":[0,0,0,0]},"meta":{"lastBranch":8,"lastFunction":10,"lastStatement":35,"seen":{"s:2:7:2:Infinity":0,"f:2:7:2:12":0,"s:3:2:3:Infinity":1,"s:4:2:4:Infinity":2,"s:5:2:5:Infinity":3,"s:6:2:6:Infinity":4,"s:2:12:2:Infinity":5,"b:2:12:2:Infinity:2:12:2:Infinity":0,"s:19:29:19:Infinity":6,"s:20:20:20:Infinity":7,"f:22:10:22:24":1,"f:24:16:24:38":2,"b:25:4:27:Infinity:undefined:undefined:undefined:undefined":1,"s:25:4:27:Infinity":8,"s:26:6:26:Infinity":9,"s:28:4:28:Infinity":10,"f:31:10:31:14":3,"s:32:28:38:Infinity":11,"s:40:4:40:Infinity":12,"b:43:4:45:Infinity:undefined:undefined:undefined:undefined":2,"s:43:4:45:Infinity":13,"s:44:6:44:Infinity":14,"b:48:4:67:Infinity:undefined:undefined:undefined:undefined":3,"s:48:4:67:Infinity":15,"b:48:8:48:42:48:42:48:97":4,"s:49:24:49:Infinity":16,"s:50:25:50:Infinity":17,"b:50:35:50:78:50:78:50:Infinity":5,"s:51:23:51:Infinity":18,"b:51:31:51:62:51:62:51:Infinity":6,"b:54:8:56:Infinity:57:8:59:Infinity:60:8:62:Infinity:63:8:65:Infinity":7,"s:53:6:66:Infinity":19,"s:55:10:55:Infinity":20,"s:56:10:56:Infinity":21,"s:58:10:58:Infinity":22,"s:59:10:59:Infinity":23,"s:61:10:61:Infinity":24,"s:62:10:62:Infinity":25,"s:64:10:64:Infinity":26,"s:65:10:65:Infinity":27,"f:70:2:70:8":4,"s:71:4:71:Infinity":28,"f:74:2:74:7":5,"s:75:4:75:Infinity":29,"f:78:2:78:7":6,"s:79:4:79:Infinity":30,"f:82:2:82:8":7,"s:83:4:83:Infinity":31,"f:86:2:86:24":8,"s:87:4:87:Infinity":32,"f:90:2:90:10":9,"s:91:4:91:Infinity":33,"s:95:22:95:Infinity":34}}}
,"C:\\Users\\User\\Documents\\projets\\erp-speedboat-tour\\src\\core\\domain\\CommissionService.ts": {"path":"C:\\Users\\User\\Documents\\projets\\erp-speedboat-tour\\src\\core\\domain\\CommissionService.ts","statementMap":{"0":{"start":{"line":28,"column":4},"end":{"line":30,"column":null}},"1":{"start":{"line":29,"column":6},"end":{"line":29,"column":null}},"2":{"start":{"line":33,"column":4},"end":{"line":33,"column":null}},"3":{"start":{"line":41,"column":47},"end":{"line":47,"column":null}},"4":{"start":{"line":50,"column":10},"end":{"line":52,"column":null}},"5":{"start":{"line":51,"column":19},"end":{"line":51,"column":42}},"6":{"start":{"line":52,"column":26},"end":{"line":52,"column":42}},"7":{"start":{"line":55,"column":4},"end":{"line":66,"column":null}},"8":{"start":{"line":56,"column":23},"end":{"line":58,"column":null}},"9":{"start":{"line":60,"column":6},"end":{"line":62,"column":null}},"10":{"start":{"line":61,"column":8},"end":{"line":61,"column":null}},"11":{"start":{"line":64,"column":6},"end":{"line":64,"column":null}},"12":{"start":{"line":65,"column":6},"end":{"line":65,"column":null}},"13":{"start":{"line":69,"column":4},"end":{"line":80,"column":null}},"14":{"start":{"line":70,"column":24},"end":{"line":72,"column":null}},"15":{"start":{"line":74,"column":6},"end":{"line":76,"column":null}},"16":{"start":{"line":75,"column":8},"end":{"line":75,"column":null}},"17":{"start":{"line":78,"column":6},"end":{"line":78,"column":null}},"18":{"start":{"line":79,"column":6},"end":{"line":79,"column":null}},"19":{"start":{"line":83,"column":4},"end":{"line":87,"column":null}},"20":{"start":{"line":84,"column":23},"end":{"line":84,"column":null}},"21":{"start":{"line":85,"column":6},"end":{"line":85,"column":null}},"22":{"start":{"line":86,"column":6},"end":{"line":86,"column":null}},"23":{"start":{"line":89,"column":4},"end":{"line":92,"column":null}},"24":{"start":{"line":94,"column":4},"end":{"line":99,"column":null}},"25":{"start":{"line":101,"column":4},"end":{"line":101,"column":null}},"26":{"start":{"line":108,"column":24},"end":{"line":108,"column":null}},"27":{"start":{"line":109,"column":34},"end":{"line":109,"column":null}},"28":{"start":{"line":111,"column":22},"end":{"line":113,"column":null}},"29":{"start":{"line":115,"column":28},"end":{"line":115,"column":null}},"30":{"start":{"line":117,"column":47},"end":{"line":123,"column":null}},"31":{"start":{"line":125,"column":4},"end":{"line":131,"column":null}},"32":{"start":{"line":133,"column":4},"end":{"line":133,"column":null}},"33":{"start":{"line":140,"column":30},"end":{"line":144,"column":null}},"34":{"start":{"line":141,"column":6},"end":{"line":143,"column":null}},"35":{"start":{"line":146,"column":19},"end":{"line":146,"column":null}},"36":{"start":{"line":148,"column":4},"end":{"line":152,"column":null}},"37":{"start":{"line":154,"column":4},"end":{"line":154,"column":null}},"38":{"start":{"line":165,"column":4},"end":{"line":175,"column":null}},"39":{"start":{"line":182,"column":29},"end":{"line":182,"column":null}},"40":{"start":{"line":184,"column":4},"end":{"line":186,"column":null}},"41":{"start":{"line":185,"column":6},"end":{"line":185,"column":null}},"42":{"start":{"line":188,"column":4},"end":{"line":190,"column":null}},"43":{"start":{"line":189,"column":6},"end":{"line":189,"column":null}},"44":{"start":{"line":192,"column":4},"end":{"line":194,"column":null}},"45":{"start":{"line":193,"column":6},"end":{"line":193,"column":null}},"46":{"start":{"line":196,"column":4},"end":{"line":198,"column":null}},"47":{"start":{"line":197,"column":6},"end":{"line":197,"column":null}},"48":{"start":{"line":200,"column":4},"end":{"line":200,"column":null}}},"fnMap":{"0":{"name":"(anonymous_0)","decl":{"start":{"line":23,"column":15},"end":{"line":23,"column":null}},"loc":{"start":{"line":26,"column":36},"end":{"line":34,"column":null}},"line":26},"1":{"name":"(anonymous_1)","decl":{"start":{"line":36,"column":17},"end":{"line":36,"column":null}},"loc":{"start":{"line":40,"column":27},"end":{"line":102,"column":null}},"line":40},"2":{"name":"(anonymous_2)","decl":{"start":{"line":51,"column":14},"end":{"line":51,"column":19}},"loc":{"start":{"line":51,"column":19},"end":{"line":51,"column":42}},"line":51},"3":{"name":"(anonymous_3)","decl":{"start":{"line":52,"column":14},"end":{"line":52,"column":15}},"loc":{"start":{"line":52,"column":26},"end":{"line":52,"column":42}},"line":52},"4":{"name":"(anonymous_4)","decl":{"start":{"line":104,"column":23},"end":{"line":104,"column":null}},"loc":{"start":{"line":107,"column":36},"end":{"line":134,"column":null}},"line":107},"5":{"name":"(anonymous_5)","decl":{"start":{"line":139,"column":9},"end":{"line":139,"column":26}},"loc":{"start":{"line":139,"column":73},"end":{"line":155,"column":null}},"line":139},"6":{"name":"(anonymous_6)","decl":{"start":{"line":140,"column":44},"end":{"line":140,"column":null}},"loc":{"start":{"line":141,"column":6},"end":{"line":143,"column":null}},"line":141},"7":{"name":"(anonymous_7)","decl":{"start":{"line":160,"column":9},"end":{"line":160,"column":null}},"loc":{"start":{"line":164,"column":25},"end":{"line":176,"column":null}},"line":164},"8":{"name":"(anonymous_8)","decl":{"start":{"line":181,"column":9},"end":{"line":181,"column":36}},"loc":{"start":{"line":181,"column":80},"end":{"line":201,"column":null}},"line":181}},"branchMap":{"0":{"loc":{"start":{"line":28,"column":4},"end":{"line":30,"column":null}},"type":"if","locations":[{"start":{"line":28,"column":4},"end":{"line":30,"column":null}},{"start":{},"end":{}}],"line":28},"1":{"loc":{"start":{"line":50,"column":29},"end":{"line":50,"column":null}},"type":"binary-expr","locations":[{"start":{"line":50,"column":29},"end":{"line":50,"column":54}},{"start":{"line":50,"column":54},"end":{"line":50,"column":null}}],"line":50},"2":{"loc":{"start":{"line":55,"column":4},"end":{"line":66,"column":null}},"type":"if","locations":[{"start":{"line":55,"column":4},"end":{"line":66,"column":null}},{"start":{},"end":{}}],"line":55},"3":{"loc":{"start":{"line":56,"column":23},"end":{"line":58,"column":null}},"type":"cond-expr","locations":[{"start":{"line":57,"column":11},"end":{"line":57,"column":null}},{"start":{"line":58,"column":11},"end":{"line":58,"column":null}}],"line":56},"4":{"loc":{"start":{"line":57,"column":11},"end":{"line":57,"column":null}},"type":"binary-expr","locations":[{"start":{"line":57,"column":11},"end":{"line":57,"column":32}},{"start":{"line":57,"column":32},"end":{"line":57,"column":null}}],"line":57},"5":{"loc":{"start":{"line":58,"column":11},"end":{"line":58,"column":null}},"type":"binary-expr","locations":[{"start":{"line":58,"column":11},"end":{"line":58,"column":34}},{"start":{"line":58,"column":34},"end":{"line":58,"column":null}}],"line":58},"6":{"loc":{"start":{"line":60,"column":6},"end":{"line":62,"column":null}},"type":"if","locations":[{"start":{"line":60,"column":6},"end":{"line":62,"column":null}},{"start":{},"end":{}}],"line":60},"7":{"loc":{"start":{"line":61,"column":47},"end":{"line":61,"column":72}},"type":"binary-expr","locations":[{"start":{"line":61,"column":47},"end":{"line":61,"column":67}},{"start":{"line":61,"column":67},"end":{"line":61,"column":72}}],"line":61},"8":{"loc":{"start":{"line":69,"column":4},"end":{"line":80,"column":null}},"type":"if","locations":[{"start":{"line":69,"column":4},"end":{"line":80,"column":null}},{"start":{},"end":{}}],"line":69},"9":{"loc":{"start":{"line":70,"column":24},"end":{"line":72,"column":null}},"type":"cond-expr","locations":[{"start":{"line":71,"column":11},"end":{"line":71,"column":null}},{"start":{"line":72,"column":11},"end":{"line":72,"column":null}}],"line":70},"10":{"loc":{"start":{"line":71,"column":11},"end":{"line":71,"column":null}},"type":"binary-expr","locations":[{"start":{"line":71,"column":11},"end":{"line":71,"column":34}},{"start":{"line":71,"column":34},"end":{"line":71,"column":null}}],"line":71},"11":{"loc":{"start":{"line":72,"column":11},"end":{"line":72,"column":null}},"type":"binary-expr","locations":[{"start":{"line":72,"column":11},"end":{"line":72,"column":36}},{"start":{"line":72,"column":36},"end":{"line":72,"column":null}}],"line":72},"12":{"loc":{"start":{"line":74,"column":6},"end":{"line":76,"column":null}},"type":"if","locations":[{"start":{"line":74,"column":6},"end":{"line":76,"column":null}},{"start":{},"end":{}}],"line":74},"13":{"loc":{"start":{"line":75,"column":49},"end":{"line":75,"column":73}},"type":"binary-expr","locations":[{"start":{"line":75,"column":49},"end":{"line":75,"column":71}},{"start":{"line":75,"column":71},"end":{"line":75,"column":73}}],"line":75},"14":{"loc":{"start":{"line":83,"column":4},"end":{"line":87,"column":null}},"type":"if","locations":[{"start":{"line":83,"column":4},"end":{"line":87,"column":null}},{"start":{},"end":{}}],"line":83},"15":{"loc":{"start":{"line":84,"column":23},"end":{"line":84,"column":null}},"type":"binary-expr","locations":[{"start":{"line":84,"column":23},"end":{"line":84,"column":36}},{"start":{"line":84,"column":36},"end":{"line":84,"column":null}}],"line":84},"16":{"loc":{"start":{"line":111,"column":22},"end":{"line":113,"column":null}},"type":"cond-expr","locations":[{"start":{"line":112,"column":8},"end":{"line":112,"column":null}},{"start":{"line":113,"column":9},"end":{"line":113,"column":null}}],"line":111},"17":{"loc":{"start":{"line":113,"column":9},"end":{"line":113,"column":null}},"type":"binary-expr","locations":[{"start":{"line":113,"column":9},"end":{"line":113,"column":32}},{"start":{"line":113,"column":32},"end":{"line":113,"column":null}}],"line":113},"18":{"loc":{"start":{"line":115,"column":42},"end":{"line":115,"column":76}},"type":"binary-expr","locations":[{"start":{"line":115,"column":42},"end":{"line":115,"column":71}},{"start":{"line":115,"column":71},"end":{"line":115,"column":76}}],"line":115},"19":{"loc":{"start":{"line":141,"column":6},"end":{"line":143,"column":null}},"type":"binary-expr","locations":[{"start":{"line":141,"column":6},"end":{"line":141,"column":null}},{"start":{"line":142,"column":6},"end":{"line":142,"column":null}},{"start":{"line":143,"column":6},"end":{"line":143,"column":null}}],"line":141},"20":{"loc":{"start":{"line":184,"column":4},"end":{"line":186,"column":null}},"type":"if","locations":[{"start":{"line":184,"column":4},"end":{"line":186,"column":null}},{"start":{},"end":{}}],"line":184},"21":{"loc":{"start":{"line":184,"column":8},"end":{"line":184,"column":65}},"type":"binary-expr","locations":[{"start":{"line":184,"column":8},"end":{"line":184,"column":34}},{"start":{"line":184,"column":34},"end":{"line":184,"column":65}}],"line":184},"22":{"loc":{"start":{"line":188,"column":4},"end":{"line":190,"column":null}},"type":"if","locations":[{"start":{"line":188,"column":4},"end":{"line":190,"column":null}},{"start":{},"end":{}}],"line":188},"23":{"loc":{"start":{"line":188,"column":8},"end":{"line":188,"column":67}},"type":"binary-expr","locations":[{"start":{"line":188,"column":8},"end":{"line":188,"column":35}},{"start":{"line":188,"column":35},"end":{"line":188,"column":67}}],"line":188},"24":{"loc":{"start":{"line":192,"column":4},"end":{"line":194,"column":null}},"type":"if","locations":[{"start":{"line":192,"column":4},"end":{"line":194,"column":null}},{"start":{},"end":{}}],"line":192},"25":{"loc":{"start":{"line":192,"column":8},"end":{"line":192,"column":59}},"type":"binary-expr","locations":[{"start":{"line":192,"column":8},"end":{"line":192,"column":31}},{"start":{"line":192,"column":31},"end":{"line":192,"column":59}}],"line":192},"26":{"loc":{"start":{"line":196,"column":4},"end":{"line":198,"column":null}},"type":"if","locations":[{"start":{"line":196,"column":4},"end":{"line":198,"column":null}},{"start":{},"end":{}}],"line":196},"27":{"loc":{"start":{"line":196,"column":8},"end":{"line":196,"column":109}},"type":"binary-expr","locations":[{"start":{"line":196,"column":8},"end":{"line":196,"column":43}},{"start":{"line":196,"column":43},"end":{"line":196,"column":79}},{"start":{"line":196,"column":79},"end":{"line":196,"column":109}}],"line":196}},"s":{"0":1,"1":1,"2":0,"3":1,"4":1,"5":0,"6":0,"7":1,"8":1,"9":1,"10":1,"11":1,"12":1,"13":1,"14":1,"15":1,"16":1,"17":1,"18":1,"19":1,"20":1,"21":1,"22":1,"23":1,"24":1,"25":1,"26":0,"27":0,"28":0,"29":0,"30":0,"31":0,"32":0,"33":4,"34":6,"35":4,"36":4,"37":4,"38":1,"39":4,"40":4,"41":2,"42":4,"43":0,"44":4,"45":1,"46":4,"47":2,"48":4},"f":{"0":1,"1":1,"2":0,"3":0,"4":1,"5":1,"6":6,"7":1,"8":1},"b":{"0":[1,0],"1":[1,1],"2":[1,0],"3":[0,1],"4":[0,0],"5":[1,0],"6":[1,0],"7":[1,0],"8":[1,0],"9":[0,1],"10":[0,0],"11":[1,0],"12":[1,0],"13":[1,0],"14":[1,0],"15":[1,0],"16":[0,0],"17":[0,0],"18":[0,0],"19":[6,5,2],"20":[2,2],"21":[4,4],"22":[0,4],"23":[4,4],"24":[1,3],"25":[4,4],"26":[2,2],"27":[4,3,2]},"meta":{"lastBranch":28,"lastFunction":9,"lastStatement":49,"seen":{"f:23:15:23:Infinity":0,"b:28:4:30:Infinity:undefined:undefined:undefined:undefined":0,"s:28:4:30:Infinity":0,"s:29:6:29:Infinity":1,"s:33:4:33:Infinity":2,"f:36:17:36:Infinity":1,"s:41:47:47:Infinity":3,"s:50:10:52:Infinity":4,"b:50:29:50:54:50:54:50:Infinity":1,"f:51:14:51:19":2,"s:51:19:51:42":5,"f:52:14:52:15":3,"s:52:26:52:42":6,"b:55:4:66:Infinity:undefined:undefined:undefined:undefined":2,"s:55:4:66:Infinity":7,"s:56:23:58:Infinity":8,"b:57:11:57:Infinity:58:11:58:Infinity":3,"b:57:11:57:32:57:32:57:Infinity":4,"b:58:11:58:34:58:34:58:Infinity":5,"b:60:6:62:Infinity:undefined:undefined:undefined:undefined":6,"s:60:6:62:Infinity":9,"s:61:8:61:Infinity":10,"b:61:47:61:67:61:67:61:72":7,"s:64:6:64:Infinity":11,"s:65:6:65:Infinity":12,"b:69:4:80:Infinity:undefined:undefined:undefined:undefined":8,"s:69:4:80:Infinity":13,"s:70:24:72:Infinity":14,"b:71:11:71:Infinity:72:11:72:Infinity":9,"b:71:11:71:34:71:34:71:Infinity":10,"b:72:11:72:36:72:36:72:Infinity":11,"b:74:6:76:Infinity:undefined:undefined:undefined:undefined":12,"s:74:6:76:Infinity":15,"s:75:8:75:Infinity":16,"b:75:49:75:71:75:71:75:73":13,"s:78:6:78:Infinity":17,"s:79:6:79:Infinity":18,"b:83:4:87:Infinity:undefined:undefined:undefined:undefined":14,"s:83:4:87:Infinity":19,"s:84:23:84:Infinity":20,"b:84:23:84:36:84:36:84:Infinity":15,"s:85:6:85:Infinity":21,"s:86:6:86:Infinity":22,"s:89:4:92:Infinity":23,"s:94:4:99:Infinity":24,"s:101:4:101:Infinity":25,"f:104:23:104:Infinity":4,"s:108:24:108:Infinity":26,"s:109:34:109:Infinity":27,"s:111:22:113:Infinity":28,"b:112:8:112:Infinity:113:9:113:Infinity":16,"b:113:9:113:32:113:32:113:Infinity":17,"s:115:28:115:Infinity":29,"b:115:42:115:71:115:71:115:76":18,"s:117:47:123:Infinity":30,"s:125:4:131:Infinity":31,"s:133:4:133:Infinity":32,"f:139:9:139:26":5,"s:140:30:144:Infinity":33,"f:140:44:140:Infinity":6,"s:141:6:143:Infinity":34,"b:141:6:141:Infinity:142:6:142:Infinity:143:6:143:Infinity":19,"s:146:19:146:Infinity":35,"s:148:4:152:Infinity":36,"s:154:4:154:Infinity":37,"f:160:9:160:Infinity":7,"s:165:4:175:Infinity":38,"f:181:9:181:36":8,"s:182:29:182:Infinity":39,"b:184:4:186:Infinity:undefined:undefined:undefined:undefined":20,"s:184:4:186:Infinity":40,"b:184:8:184:34:184:34:184:65":21,"s:185:6:185:Infinity":41,"b:188:4:190:Infinity:undefined:undefined:undefined:undefined":22,"s:188:4:190:Infinity":42,"b:188:8:188:35:188:35:188:67":23,"s:189:6:189:Infinity":43,"b:192:4:194:Infinity:undefined:undefined:undefined:undefined":24,"s:192:4:194:Infinity":44,"b:192:8:192:31:192:31:192:59":25,"s:193:6:193:Infinity":45,"b:196:4:198:Infinity:undefined:undefined:undefined:undefined":26,"s:196:4:198:Infinity":46,"b:196:8:196:43:196:43:196:79:196:79:196:109":27,"s:197:6:197:Infinity":47,"s:200:4:200:Infinity":48}}}
,"C:\\Users\\User\\Documents\\projets\\erp-speedboat-tour\\src\\core\\domain\\CompanyDataService.ts": {"path":"C:\\Users\\User\\Documents\\projets\\erp-speedboat-tour\\src\\core\\domain\\CompanyDataService.ts","statementMap":{"0":{"start":{"line":14,"column":52},"end":{"line":14,"column":null}},"1":{"start":{"line":15,"column":39},"end":{"line":15,"column":null}},"2":{"start":{"line":16,"column":43},"end":{"line":16,"column":null}},"3":{"start":{"line":22,"column":4},"end":{"line":57,"column":null}},"4":{"start":{"line":24,"column":18},"end":{"line":24,"column":null}},"5":{"start":{"line":25,"column":6},"end":{"line":27,"column":null}},"6":{"start":{"line":26,"column":8},"end":{"line":26,"column":null}},"7":{"start":{"line":30,"column":21},"end":{"line":30,"column":null}},"8":{"start":{"line":32,"column":6},"end":{"line":35,"column":null}},"9":{"start":{"line":33,"column":8},"end":{"line":33,"column":null}},"10":{"start":{"line":34,"column":8},"end":{"line":34,"column":null}},"11":{"start":{"line":38,"column":31},"end":{"line":38,"column":null}},"12":{"start":{"line":39,"column":6},"end":{"line":41,"column":null}},"13":{"start":{"line":40,"column":8},"end":{"line":40,"column":null}},"14":{"start":{"line":44,"column":6},"end":{"line":44,"column":null}},"15":{"start":{"line":45,"column":6},"end":{"line":45,"column":null}},"16":{"start":{"line":47,"column":6},"end":{"line":50,"column":null}},"17":{"start":{"line":52,"column":6},"end":{"line":52,"column":null}},"18":{"start":{"line":55,"column":6},"end":{"line":55,"column":null}},"19":{"start":{"line":56,"column":6},"end":{"line":56,"column":null}},"20":{"start":{"line":64,"column":29},"end":{"line":64,"column":null}},"21":{"start":{"line":66,"column":4},"end":{"line":68,"column":null}},"22":{"start":{"line":67,"column":6},"end":{"line":67,"column":null}},"23":{"start":{"line":70,"column":4},"end":{"line":72,"column":null}},"24":{"start":{"line":71,"column":6},"end":{"line":71,"column":null}},"25":{"start":{"line":74,"column":4},"end":{"line":76,"column":null}},"26":{"start":{"line":75,"column":6},"end":{"line":75,"column":null}},"27":{"start":{"line":78,"column":4},"end":{"line":80,"column":null}},"28":{"start":{"line":79,"column":6},"end":{"line":79,"column":null}},"29":{"start":{"line":82,"column":4},"end":{"line":82,"column":null}},"30":{"start":{"line":89,"column":4},"end":{"line":95,"column":null}},"31":{"start":{"line":90,"column":21},"end":{"line":90,"column":null}},"32":{"start":{"line":91,"column":6},"end":{"line":91,"column":null}},"33":{"start":{"line":93,"column":6},"end":{"line":93,"column":null}},"34":{"start":{"line":94,"column":6},"end":{"line":94,"column":null}},"35":{"start":{"line":102,"column":4},"end":{"line":108,"column":null}},"36":{"start":{"line":103,"column":21},"end":{"line":103,"column":null}},"37":{"start":{"line":104,"column":6},"end":{"line":104,"column":null}},"38":{"start":{"line":106,"column":6},"end":{"line":106,"column":null}},"39":{"start":{"line":107,"column":6},"end":{"line":107,"column":null}},"40":{"start":{"line":115,"column":4},"end":{"line":142,"column":null}},"41":{"start":{"line":116,"column":28},"end":{"line":116,"column":null}},"42":{"start":{"line":117,"column":28},"end":{"line":117,"column":null}},"43":{"start":{"line":120,"column":31},"end":{"line":120,"column":null}},"44":{"start":{"line":121,"column":6},"end":{"line":123,"column":null}},"45":{"start":{"line":122,"column":8},"end":{"line":122,"column":null}},"46":{"start":{"line":126,"column":6},"end":{"line":126,"column":null}},"47":{"start":{"line":129,"column":6},"end":{"line":129,"column":null}},"48":{"start":{"line":130,"column":6},"end":{"line":130,"column":null}},"49":{"start":{"line":132,"column":6},"end":{"line":135,"column":null}},"50":{"start":{"line":137,"column":6},"end":{"line":137,"column":null}},"51":{"start":{"line":140,"column":6},"end":{"line":140,"column":null}},"52":{"start":{"line":141,"column":6},"end":{"line":141,"column":null}},"53":{"start":{"line":149,"column":4},"end":{"line":149,"column":null}},"54":{"start":{"line":150,"column":4},"end":{"line":150,"column":null}},"55":{"start":{"line":151,"column":4},"end":{"line":151,"column":null}},"56":{"start":{"line":158,"column":4},"end":{"line":164,"column":null}},"57":{"start":{"line":159,"column":6},"end":{"line":159,"column":null}},"58":{"start":{"line":160,"column":6},"end":{"line":160,"column":null}},"59":{"start":{"line":162,"column":6},"end":{"line":162,"column":null}},"60":{"start":{"line":163,"column":6},"end":{"line":163,"column":null}},"61":{"start":{"line":176,"column":19},"end":{"line":176,"column":null}},"62":{"start":{"line":178,"column":4},"end":{"line":183,"column":null}}},"fnMap":{"0":{"name":"(anonymous_0)","decl":{"start":{"line":21,"column":15},"end":{"line":21,"column":58}},"loc":{"start":{"line":21,"column":58},"end":{"line":58,"column":null}},"line":21},"1":{"name":"(anonymous_1)","decl":{"start":{"line":63,"column":9},"end":{"line":63,"column":24}},"loc":{"start":{"line":63,"column":55},"end":{"line":83,"column":null}},"line":63},"2":{"name":"(anonymous_2)","decl":{"start":{"line":88,"column":15},"end":{"line":88,"column":76}},"loc":{"start":{"line":88,"column":76},"end":{"line":96,"column":null}},"line":88},"3":{"name":"(anonymous_3)","decl":{"start":{"line":101,"column":15},"end":{"line":101,"column":62}},"loc":{"start":{"line":101,"column":62},"end":{"line":109,"column":null}},"line":101},"4":{"name":"(anonymous_4)","decl":{"start":{"line":114,"column":15},"end":{"line":114,"column":28}},"loc":{"start":{"line":114,"column":78},"end":{"line":143,"column":null}},"line":114},"5":{"name":"(anonymous_5)","decl":{"start":{"line":148,"column":9},"end":{"line":148,"column":28}},"loc":{"start":{"line":148,"column":28},"end":{"line":152,"column":null}},"line":148},"6":{"name":"(anonymous_6)","decl":{"start":{"line":157,"column":15},"end":{"line":157,"column":56}},"loc":{"start":{"line":157,"column":56},"end":{"line":165,"column":null}},"line":157},"7":{"name":"(anonymous_7)","decl":{"start":{"line":170,"column":15},"end":{"line":170,"column":null}},"loc":{"start":{"line":175,"column":5},"end":{"line":184,"column":null}},"line":175}},"branchMap":{"0":{"loc":{"start":{"line":25,"column":6},"end":{"line":27,"column":null}},"type":"if","locations":[{"start":{"line":25,"column":6},"end":{"line":27,"column":null}},{"start":{},"end":{}}],"line":25},"1":{"loc":{"start":{"line":25,"column":10},"end":{"line":25,"column":55}},"type":"binary-expr","locations":[{"start":{"line":25,"column":10},"end":{"line":25,"column":31}},{"start":{"line":25,"column":31},"end":{"line":25,"column":55}}],"line":25},"2":{"loc":{"start":{"line":32,"column":6},"end":{"line":35,"column":null}},"type":"if","locations":[{"start":{"line":32,"column":6},"end":{"line":35,"column":null}},{"start":{},"end":{}}],"line":32},"3":{"loc":{"start":{"line":39,"column":6},"end":{"line":41,"column":null}},"type":"if","locations":[{"start":{"line":39,"column":6},"end":{"line":41,"column":null}},{"start":{},"end":{}}],"line":39},"4":{"loc":{"start":{"line":66,"column":4},"end":{"line":68,"column":null}},"type":"if","locations":[{"start":{"line":66,"column":4},"end":{"line":68,"column":null}},{"start":{},"end":{}}],"line":66},"5":{"loc":{"start":{"line":70,"column":4},"end":{"line":72,"column":null}},"type":"if","locations":[{"start":{"line":70,"column":4},"end":{"line":72,"column":null}},{"start":{},"end":{}}],"line":70},"6":{"loc":{"start":{"line":70,"column":49},"end":{"line":70,"column":88}},"type":"binary-expr","locations":[{"start":{"line":70,"column":49},"end":{"line":70,"column":75}},{"start":{"line":70,"column":75},"end":{"line":70,"column":88}}],"line":70},"7":{"loc":{"start":{"line":74,"column":4},"end":{"line":76,"column":null}},"type":"if","locations":[{"start":{"line":74,"column":4},"end":{"line":76,"column":null}},{"start":{},"end":{}}],"line":74},"8":{"loc":{"start":{"line":74,"column":10},"end":{"line":74,"column":63}},"type":"binary-expr","locations":[{"start":{"line":74,"column":10},"end":{"line":74,"column":28}},{"start":{"line":74,"column":28},"end":{"line":74,"column":63}}],"line":74},"9":{"loc":{"start":{"line":78,"column":4},"end":{"line":80,"column":null}},"type":"if","locations":[{"start":{"line":78,"column":4},"end":{"line":80,"column":null}},{"start":{},"end":{}}],"line":78},"10":{"loc":{"start":{"line":78,"column":10},"end":{"line":78,"column":59}},"type":"binary-expr","locations":[{"start":{"line":78,"column":10},"end":{"line":78,"column":26}},{"start":{"line":78,"column":26},"end":{"line":78,"column":59}}],"line":78},"11":{"loc":{"start":{"line":91,"column":13},"end":{"line":91,"column":null}},"type":"binary-expr","locations":[{"start":{"line":91,"column":13},"end":{"line":91,"column":39}},{"start":{"line":91,"column":39},"end":{"line":91,"column":null}}],"line":91},"12":{"loc":{"start":{"line":104,"column":13},"end":{"line":104,"column":null}},"type":"binary-expr","locations":[{"start":{"line":104,"column":13},"end":{"line":104,"column":48}},{"start":{"line":104,"column":48},"end":{"line":104,"column":null}}],"line":104},"13":{"loc":{"start":{"line":121,"column":6},"end":{"line":123,"column":null}},"type":"if","locations":[{"start":{"line":121,"column":6},"end":{"line":123,"column":null}},{"start":{},"end":{}}],"line":121},"14":{"loc":{"start":{"line":182,"column":32},"end":{"line":182,"column":null}},"type":"binary-expr","locations":[{"start":{"line":182,"column":32},"end":{"line":182,"column":67}},{"start":{"line":182,"column":67},"end":{"line":182,"column":null}}],"line":182}},"s":{"0":1,"1":1,"2":1,"3":0,"4":0,"5":0,"6":0,"7":0,"8":0,"9":0,"10":0,"11":0,"12":0,"13":0,"14":0,"15":0,"16":0,"17":0,"18":0,"19":0,"20":9,"21":9,"22":4,"23":9,"24":2,"25":9,"26":5,"27":9,"28":5,"29":9,"30":0,"31":0,"32":0,"33":0,"34":0,"35":0,"36":0,"37":0,"38":0,"39":0,"40":0,"41":0,"42":0,"43":0,"44":0,"45":0,"46":0,"47":0,"48":0,"49":0,"50":0,"51":0,"52":0,"53":27,"54":27,"55":27,"56":0,"57":0,"58":0,"59":0,"60":0,"61":0,"62":0},"f":{"0":1,"1":1,"2":1,"3":1,"4":1,"5":1,"6":1,"7":1},"b":{"0":[0,0],"1":[0,0],"2":[0,0],"3":[0,0],"4":[4,5],"5":[2,7],"6":[9,4],"7":[5,4],"8":[9,4],"9":[5,4],"10":[9,4],"11":[0,0],"12":[0,0],"13":[0,0],"14":[0,0]},"meta":{"lastBranch":15,"lastFunction":8,"lastStatement":63,"seen":{"s:14:52:14:Infinity":0,"s:15:39:15:Infinity":1,"s:16:43:16:Infinity":2,"f:21:15:21:58":0,"s:22:4:57:Infinity":3,"s:24:18:24:Infinity":4,"b:25:6:27:Infinity:undefined:undefined:undefined:undefined":0,"s:25:6:27:Infinity":5,"b:25:10:25:31:25:31:25:55":1,"s:26:8:26:Infinity":6,"s:30:21:30:Infinity":7,"b:32:6:35:Infinity:undefined:undefined:undefined:undefined":2,"s:32:6:35:Infinity":8,"s:33:8:33:Infinity":9,"s:34:8:34:Infinity":10,"s:38:31:38:Infinity":11,"b:39:6:41:Infinity:undefined:undefined:undefined:undefined":3,"s:39:6:41:Infinity":12,"s:40:8:40:Infinity":13,"s:44:6:44:Infinity":14,"s:45:6:45:Infinity":15,"s:47:6:50:Infinity":16,"s:52:6:52:Infinity":17,"s:55:6:55:Infinity":18,"s:56:6:56:Infinity":19,"f:63:9:63:24":1,"s:64:29:64:Infinity":20,"b:66:4:68:Infinity:undefined:undefined:undefined:undefined":4,"s:66:4:68:Infinity":21,"s:67:6:67:Infinity":22,"b:70:4:72:Infinity:undefined:undefined:undefined:undefined":5,"s:70:4:72:Infinity":23,"b:70:49:70:75:70:75:70:88":6,"s:71:6:71:Infinity":24,"b:74:4:76:Infinity:undefined:undefined:undefined:undefined":7,"s:74:4:76:Infinity":25,"b:74:10:74:28:74:28:74:63":8,"s:75:6:75:Infinity":26,"b:78:4:80:Infinity:undefined:undefined:undefined:undefined":9,"s:78:4:80:Infinity":27,"b:78:10:78:26:78:26:78:59":10,"s:79:6:79:Infinity":28,"s:82:4:82:Infinity":29,"f:88:15:88:76":2,"s:89:4:95:Infinity":30,"s:90:21:90:Infinity":31,"s:91:6:91:Infinity":32,"b:91:13:91:39:91:39:91:Infinity":11,"s:93:6:93:Infinity":33,"s:94:6:94:Infinity":34,"f:101:15:101:62":3,"s:102:4:108:Infinity":35,"s:103:21:103:Infinity":36,"s:104:6:104:Infinity":37,"b:104:13:104:48:104:48:104:Infinity":12,"s:106:6:106:Infinity":38,"s:107:6:107:Infinity":39,"f:114:15:114:28":4,"s:115:4:142:Infinity":40,"s:116:28:116:Infinity":41,"s:117:28:117:Infinity":42,"s:120:31:120:Infinity":43,"b:121:6:123:Infinity:undefined:undefined:undefined:undefined":13,"s:121:6:123:Infinity":44,"s:122:8:122:Infinity":45,"s:126:6:126:Infinity":46,"s:129:6:129:Infinity":47,"s:130:6:130:Infinity":48,"s:132:6:135:Infinity":49,"s:137:6:137:Infinity":50,"s:140:6:140:Infinity":51,"s:141:6:141:Infinity":52,"f:148:9:148:28":5,"s:149:4:149:Infinity":53,"s:150:4:150:Infinity":54,"s:151:4:151:Infinity":55,"f:157:15:157:56":6,"s:158:4:164:Infinity":56,"s:159:6:159:Infinity":57,"s:160:6:160:Infinity":58,"s:162:6:162:Infinity":59,"s:163:6:163:Infinity":60,"f:170:15:170:Infinity":7,"s:176:19:176:Infinity":61,"s:178:4:183:Infinity":62,"b:182:32:182:67:182:67:182:Infinity":14}}}
,"C:\\Users\\User\\Documents\\projets\\erp-speedboat-tour\\src\\core\\domain\\EventStatusService.ts": {"path":"C:\\Users\\User\\Documents\\projets\\erp-speedboat-tour\\src\\core\\domain\\EventStatusService.ts","statementMap":{"0":{"start":{"line":10,"column":4},"end":{"line":12,"column":null}},"1":{"start":{"line":11,"column":6},"end":{"line":11,"column":null}},"2":{"start":{"line":14,"column":16},"end":{"line":14,"column":null}},"3":{"start":{"line":15,"column":28},"end":{"line":15,"column":null}},"4":{"start":{"line":16,"column":25},"end":{"line":16,"column":null}},"5":{"start":{"line":18,"column":4},"end":{"line":24,"column":null}},"6":{"start":{"line":19,"column":6},"end":{"line":23,"column":null}},"7":{"start":{"line":26,"column":4},"end":{"line":26,"column":null}},"8":{"start":{"line":37,"column":25},"end":{"line":37,"column":null}},"9":{"start":{"line":40,"column":4},"end":{"line":47,"column":null}},"10":{"start":{"line":41,"column":6},"end":{"line":41,"column":null}},"11":{"start":{"line":42,"column":6},"end":{"line":46,"column":null}},"12":{"start":{"line":50,"column":4},"end":{"line":50,"column":null}},"13":{"start":{"line":52,"column":4},"end":{"line":52,"column":null}},"14":{"start":{"line":61,"column":4},"end":{"line":76,"column":null}},"15":{"start":{"line":63,"column":8},"end":{"line":63,"column":null}},"16":{"start":{"line":64,"column":8},"end":{"line":64,"column":null}},"17":{"start":{"line":65,"column":8},"end":{"line":65,"column":null}},"18":{"start":{"line":67,"column":8},"end":{"line":67,"column":null}},"19":{"start":{"line":68,"column":8},"end":{"line":68,"column":null}},"20":{"start":{"line":69,"column":8},"end":{"line":69,"column":null}},"21":{"start":{"line":71,"column":8},"end":{"line":71,"column":null}},"22":{"start":{"line":72,"column":8},"end":{"line":72,"column":null}},"23":{"start":{"line":73,"column":8},"end":{"line":73,"column":null}},"24":{"start":{"line":75,"column":8},"end":{"line":75,"column":null}},"25":{"start":{"line":78,"column":4},"end":{"line":78,"column":null}},"26":{"start":{"line":86,"column":4},"end":{"line":88,"column":null}},"27":{"start":{"line":87,"column":6},"end":{"line":87,"column":null}},"28":{"start":{"line":91,"column":4},"end":{"line":93,"column":null}},"29":{"start":{"line":92,"column":6},"end":{"line":92,"column":null}},"30":{"start":{"line":95,"column":4},"end":{"line":95,"column":null}},"31":{"start":{"line":102,"column":4},"end":{"line":102,"column":null}},"32":{"start":{"line":109,"column":4},"end":{"line":109,"column":null}}},"fnMap":{"0":{"name":"(anonymous_0)","decl":{"start":{"line":9,"column":9},"end":{"line":9,"column":26}},"loc":{"start":{"line":9,"column":53},"end":{"line":27,"column":null}},"line":9},"1":{"name":"(anonymous_1)","decl":{"start":{"line":32,"column":9},"end":{"line":32,"column":null}},"loc":{"start":{"line":36,"column":15},"end":{"line":53,"column":null}},"line":36},"2":{"name":"(anonymous_2)","decl":{"start":{"line":58,"column":9},"end":{"line":58,"column":22}},"loc":{"start":{"line":58,"column":51},"end":{"line":79,"column":null}},"line":58},"3":{"name":"(anonymous_3)","decl":{"start":{"line":84,"column":9},"end":{"line":84,"column":22}},"loc":{"start":{"line":84,"column":83},"end":{"line":96,"column":null}},"line":84},"4":{"name":"(anonymous_4)","decl":{"start":{"line":101,"column":9},"end":{"line":101,"column":51}},"loc":{"start":{"line":101,"column":51},"end":{"line":103,"column":null}},"line":101},"5":{"name":"(anonymous_5)","decl":{"start":{"line":108,"column":9},"end":{"line":108,"column":48}},"loc":{"start":{"line":108,"column":48},"end":{"line":110,"column":null}},"line":108}},"branchMap":{"0":{"loc":{"start":{"line":10,"column":4},"end":{"line":12,"column":null}},"type":"if","locations":[{"start":{"line":10,"column":4},"end":{"line":12,"column":null}},{"start":{},"end":{}}],"line":10},"1":{"loc":{"start":{"line":10,"column":8},"end":{"line":10,"column":67}},"type":"binary-expr","locations":[{"start":{"line":10,"column":8},"end":{"line":10,"column":44}},{"start":{"line":10,"column":44},"end":{"line":10,"column":67}}],"line":10},"2":{"loc":{"start":{"line":18,"column":4},"end":{"line":24,"column":null}},"type":"if","locations":[{"start":{"line":18,"column":4},"end":{"line":24,"column":null}},{"start":{},"end":{}}],"line":18},"3":{"loc":{"start":{"line":40,"column":4},"end":{"line":47,"column":null}},"type":"if","locations":[{"start":{"line":40,"column":4},"end":{"line":47,"column":null}},{"start":{},"end":{}}],"line":40},"4":{"loc":{"start":{"line":40,"column":8},"end":{"line":40,"column":66}},"type":"binary-expr","locations":[{"start":{"line":40,"column":8},"end":{"line":40,"column":25}},{"start":{"line":40,"column":25},"end":{"line":40,"column":66}}],"line":40},"5":{"loc":{"start":{"line":50,"column":33},"end":{"line":50,"column":null}},"type":"cond-expr","locations":[{"start":{"line":50,"column":67},"end":{"line":50,"column":81}},{"start":{"line":50,"column":81},"end":{"line":50,"column":null}}],"line":50},"6":{"loc":{"start":{"line":61,"column":4},"end":{"line":76,"column":null}},"type":"switch","locations":[{"start":{"line":62,"column":6},"end":{"line":65,"column":null}},{"start":{"line":66,"column":6},"end":{"line":69,"column":null}},{"start":{"line":70,"column":6},"end":{"line":73,"column":null}},{"start":{"line":74,"column":6},"end":{"line":75,"column":null}}],"line":61},"7":{"loc":{"start":{"line":86,"column":4},"end":{"line":88,"column":null}},"type":"if","locations":[{"start":{"line":86,"column":4},"end":{"line":88,"column":null}},{"start":{},"end":{}}],"line":86},"8":{"loc":{"start":{"line":91,"column":4},"end":{"line":93,"column":null}},"type":"if","locations":[{"start":{"line":91,"column":4},"end":{"line":93,"column":null}},{"start":{},"end":{}}],"line":91}},"s":{"0":4,"1":2,"2":2,"3":2,"4":2,"5":2,"6":1,"7":2,"8":4,"9":4,"10":1,"11":1,"12":4,"13":4,"14":4,"15":1,"16":1,"17":1,"18":1,"19":1,"20":1,"21":1,"22":1,"23":1,"24":1,"25":3,"26":5,"27":3,"28":2,"29":1,"30":1,"31":1,"32":1},"f":{"0":1,"1":1,"2":1,"3":1,"4":1,"5":1},"b":{"0":[2,2],"1":[4,3],"2":[1,1],"3":[1,3],"4":[4,4],"5":[1,3],"6":[1,1,1,1],"7":[3,2],"8":[1,1]},"meta":{"lastBranch":9,"lastFunction":6,"lastStatement":33,"seen":{"f:9:9:9:26":0,"b:10:4:12:Infinity:undefined:undefined:undefined:undefined":0,"s:10:4:12:Infinity":0,"b:10:8:10:44:10:44:10:67":1,"s:11:6:11:Infinity":1,"s:14:16:14:Infinity":2,"s:15:28:15:Infinity":3,"s:16:25:16:Infinity":4,"b:18:4:24:Infinity:undefined:undefined:undefined:undefined":2,"s:18:4:24:Infinity":5,"s:19:6:23:Infinity":6,"s:26:4:26:Infinity":7,"f:32:9:32:Infinity":1,"s:37:25:37:Infinity":8,"b:40:4:47:Infinity:undefined:undefined:undefined:undefined":3,"s:40:4:47:Infinity":9,"b:40:8:40:25:40:25:40:66":4,"s:41:6:41:Infinity":10,"s:42:6:46:Infinity":11,"s:50:4:50:Infinity":12,"b:50:67:50:81:50:81:50:Infinity":5,"s:52:4:52:Infinity":13,"f:58:9:58:22":2,"b:62:6:65:Infinity:66:6:69:Infinity:70:6:73:Infinity:74:6:75:Infinity":6,"s:61:4:76:Infinity":14,"s:63:8:63:Infinity":15,"s:64:8:64:Infinity":16,"s:65:8:65:Infinity":17,"s:67:8:67:Infinity":18,"s:68:8:68:Infinity":19,"s:69:8:69:Infinity":20,"s:71:8:71:Infinity":21,"s:72:8:72:Infinity":22,"s:73:8:73:Infinity":23,"s:75:8:75:Infinity":24,"s:78:4:78:Infinity":25,"f:84:9:84:22":3,"b:86:4:88:Infinity:undefined:undefined:undefined:undefined":7,"s:86:4:88:Infinity":26,"s:87:6:87:Infinity":27,"b:91:4:93:Infinity:undefined:undefined:undefined:undefined":8,"s:91:4:93:Infinity":28,"s:92:6:92:Infinity":29,"s:95:4:95:Infinity":30,"f:101:9:101:51":4,"s:102:4:102:Infinity":31,"f:108:9:108:48":5,"s:109:4:109:Infinity":32}}}
,"C:\\Users\\User\\Documents\\projets\\erp-speedboat-tour\\src\\core\\domain\\SharedEventService.ts": {"path":"C:\\Users\\User\\Documents\\projets\\erp-speedboat-tour\\src\\core\\domain\\SharedEventService.ts","statementMap":{"0":{"start":{"line":19,"column":47},"end":{"line":19,"column":null}},"1":{"start":{"line":20,"column":45},"end":{"line":20,"column":null}},"2":{"start":{"line":26,"column":4},"end":{"line":51,"column":null}},"3":{"start":{"line":28,"column":30},"end":{"line":28,"column":null}},"4":{"start":{"line":29,"column":27},"end":{"line":29,"column":null}},"5":{"start":{"line":29,"column":53},"end":{"line":29,"column":87}},"6":{"start":{"line":31,"column":6},"end":{"line":34,"column":null}},"7":{"start":{"line":32,"column":8},"end":{"line":32,"column":null}},"8":{"start":{"line":33,"column":8},"end":{"line":33,"column":null}},"9":{"start":{"line":37,"column":57},"end":{"line":41,"column":null}},"10":{"start":{"line":43,"column":28},"end":{"line":43,"column":null}},"11":{"start":{"line":44,"column":6},"end":{"line":44,"column":null}},"12":{"start":{"line":46,"column":6},"end":{"line":46,"column":null}},"13":{"start":{"line":49,"column":6},"end":{"line":49,"column":null}},"14":{"start":{"line":50,"column":6},"end":{"line":50,"column":null}},"15":{"start":{"line":58,"column":4},"end":{"line":83,"column":null}},"16":{"start":{"line":60,"column":28},"end":{"line":60,"column":null}},"17":{"start":{"line":61,"column":25},"end":{"line":61,"column":null}},"18":{"start":{"line":61,"column":49},"end":{"line":61,"column":81}},"19":{"start":{"line":63,"column":6},"end":{"line":66,"column":null}},"20":{"start":{"line":64,"column":8},"end":{"line":64,"column":null}},"21":{"start":{"line":65,"column":8},"end":{"line":65,"column":null}},"22":{"start":{"line":69,"column":50},"end":{"line":73,"column":null}},"23":{"start":{"line":75,"column":26},"end":{"line":75,"column":null}},"24":{"start":{"line":76,"column":6},"end":{"line":76,"column":null}},"25":{"start":{"line":78,"column":6},"end":{"line":78,"column":null}},"26":{"start":{"line":81,"column":6},"end":{"line":81,"column":null}},"27":{"start":{"line":82,"column":6},"end":{"line":82,"column":null}},"28":{"start":{"line":90,"column":4},"end":{"line":111,"column":null}},"29":{"start":{"line":91,"column":24},"end":{"line":91,"column":null}},"30":{"start":{"line":92,"column":30},"end":{"line":92,"column":null}},"31":{"start":{"line":92,"column":52},"end":{"line":92,"column":65}},"32":{"start":{"line":94,"column":6},"end":{"line":97,"column":null}},"33":{"start":{"line":95,"column":8},"end":{"line":95,"column":null}},"34":{"start":{"line":96,"column":8},"end":{"line":96,"column":null}},"35":{"start":{"line":100,"column":30},"end":{"line":100,"column":null}},"36":{"start":{"line":101,"column":6},"end":{"line":104,"column":null}},"37":{"start":{"line":106,"column":6},"end":{"line":106,"column":null}},"38":{"start":{"line":109,"column":6},"end":{"line":109,"column":null}},"39":{"start":{"line":110,"column":6},"end":{"line":110,"column":null}},"40":{"start":{"line":121,"column":29},"end":{"line":121,"column":null}},"41":{"start":{"line":124,"column":4},"end":{"line":128,"column":null}},"42":{"start":{"line":125,"column":6},"end":{"line":127,"column":null}},"43":{"start":{"line":126,"column":8},"end":{"line":126,"column":null}},"44":{"start":{"line":131,"column":4},"end":{"line":140,"column":null}},"45":{"start":{"line":132,"column":28},"end":{"line":135,"column":null}},"46":{"start":{"line":133,"column":8},"end":{"line":134,"column":null}},"47":{"start":{"line":137,"column":6},"end":{"line":139,"column":null}},"48":{"start":{"line":138,"column":8},"end":{"line":138,"column":null}},"49":{"start":{"line":142,"column":4},"end":{"line":142,"column":null}},"50":{"start":{"line":154,"column":4},"end":{"line":180,"column":null}},"51":{"start":{"line":155,"column":24},"end":{"line":155,"column":null}},"52":{"start":{"line":157,"column":31},"end":{"line":164,"column":null}},"53":{"start":{"line":158,"column":8},"end":{"line":163,"column":null}},"54":{"start":{"line":166,"column":6},"end":{"line":173,"column":null}},"55":{"start":{"line":167,"column":8},"end":{"line":172,"column":null}},"56":{"start":{"line":175,"column":6},"end":{"line":175,"column":null}},"57":{"start":{"line":178,"column":6},"end":{"line":178,"column":null}},"58":{"start":{"line":179,"column":6},"end":{"line":179,"column":null}},"59":{"start":{"line":190,"column":4},"end":{"line":240,"column":null}},"60":{"start":{"line":191,"column":6},"end":{"line":195,"column":null}},"61":{"start":{"line":198,"column":62},"end":{"line":204,"column":null}},"62":{"start":{"line":202,"column":62},"end":{"line":202,"column":101}},"63":{"start":{"line":206,"column":6},"end":{"line":208,"column":null}},"64":{"start":{"line":207,"column":8},"end":{"line":207,"column":null}},"65":{"start":{"line":211,"column":29},"end":{"line":211,"column":null}},"66":{"start":{"line":212,"column":31},"end":{"line":212,"column":null}},"67":{"start":{"line":213,"column":6},"end":{"line":215,"column":null}},"68":{"start":{"line":214,"column":8},"end":{"line":214,"column":null}},"69":{"start":{"line":218,"column":55},"end":{"line":223,"column":null}},"70":{"start":{"line":226,"column":27},"end":{"line":226,"column":null}},"71":{"start":{"line":228,"column":6},"end":{"line":233,"column":null}},"72":{"start":{"line":235,"column":6},"end":{"line":235,"column":null}},"73":{"start":{"line":238,"column":6},"end":{"line":238,"column":null}},"74":{"start":{"line":239,"column":6},"end":{"line":239,"column":null}},"75":{"start":{"line":247,"column":4},"end":{"line":264,"column":null}},"76":{"start":{"line":248,"column":21},"end":{"line":248,"column":null}},"77":{"start":{"line":250,"column":27},"end":{"line":252,"column":null}},"78":{"start":{"line":251,"column":8},"end":{"line":251,"column":null}},"79":{"start":{"line":254,"column":6},"end":{"line":257,"column":null}},"80":{"start":{"line":259,"column":6},"end":{"line":259,"column":null}},"81":{"start":{"line":262,"column":6},"end":{"line":262,"column":null}},"82":{"start":{"line":263,"column":6},"end":{"line":263,"column":null}},"83":{"start":{"line":275,"column":27},"end":{"line":275,"column":null}},"84":{"start":{"line":276,"column":23},"end":{"line":276,"column":null}},"85":{"start":{"line":278,"column":4},"end":{"line":283,"column":null}},"86":{"start":{"line":285,"column":4},"end":{"line":285,"column":null}}},"fnMap":{"0":{"name":"(anonymous_0)","decl":{"start":{"line":25,"column":15},"end":{"line":25,"column":65}},"loc":{"start":{"line":25,"column":65},"end":{"line":52,"column":null}},"line":25},"1":{"name":"(anonymous_1)","decl":{"start":{"line":29,"column":48},"end":{"line":29,"column":53}},"loc":{"start":{"line":29,"column":53},"end":{"line":29,"column":87}},"line":29},"2":{"name":"(anonymous_2)","decl":{"start":{"line":57,"column":15},"end":{"line":57,"column":62}},"loc":{"start":{"line":57,"column":62},"end":{"line":84,"column":null}},"line":57},"3":{"name":"(anonymous_3)","decl":{"start":{"line":61,"column":44},"end":{"line":61,"column":49}},"loc":{"start":{"line":61,"column":49},"end":{"line":61,"column":81}},"line":61},"4":{"name":"(anonymous_4)","decl":{"start":{"line":89,"column":15},"end":{"line":89,"column":78}},"loc":{"start":{"line":89,"column":78},"end":{"line":112,"column":null}},"line":89},"5":{"name":"(anonymous_5)","decl":{"start":{"line":92,"column":47},"end":{"line":92,"column":52}},"loc":{"start":{"line":92,"column":52},"end":{"line":92,"column":65}},"line":92},"6":{"name":"(anonymous_6)","decl":{"start":{"line":117,"column":9},"end":{"line":117,"column":null}},"loc":{"start":{"line":120,"column":14},"end":{"line":143,"column":null}},"line":120},"7":{"name":"(anonymous_7)","decl":{"start":{"line":132,"column":50},"end":{"line":132,"column":null}},"loc":{"start":{"line":133,"column":8},"end":{"line":134,"column":null}},"line":133},"8":{"name":"(anonymous_8)","decl":{"start":{"line":148,"column":15},"end":{"line":148,"column":null}},"loc":{"start":{"line":153,"column":31},"end":{"line":181,"column":null}},"line":153},"9":{"name":"(anonymous_9)","decl":{"start":{"line":157,"column":46},"end":{"line":157,"column":null}},"loc":{"start":{"line":158,"column":8},"end":{"line":163,"column":null}},"line":158},"10":{"name":"(anonymous_10)","decl":{"start":{"line":186,"column":15},"end":{"line":186,"column":null}},"loc":{"start":{"line":189,"column":24},"end":{"line":241,"column":null}},"line":189},"11":{"name":"(anonymous_11)","decl":{"start":{"line":202,"column":57},"end":{"line":202,"column":62}},"loc":{"start":{"line":202,"column":62},"end":{"line":202,"column":101}},"line":202},"12":{"name":"(anonymous_12)","decl":{"start":{"line":246,"column":15},"end":{"line":246,"column":31}},"loc":{"start":{"line":246,"column":89},"end":{"line":265,"column":null}},"line":246},"13":{"name":"(anonymous_13)","decl":{"start":{"line":250,"column":41},"end":{"line":250,"column":null}},"loc":{"start":{"line":251,"column":8},"end":{"line":251,"column":null}},"line":251},"14":{"name":"(anonymous_14)","decl":{"start":{"line":270,"column":9},"end":{"line":270,"column":null}},"loc":{"start":{"line":273,"column":52},"end":{"line":286,"column":null}},"line":273}},"branchMap":{"0":{"loc":{"start":{"line":31,"column":6},"end":{"line":34,"column":null}},"type":"if","locations":[{"start":{"line":31,"column":6},"end":{"line":34,"column":null}},{"start":{},"end":{}}],"line":31},"1":{"loc":{"start":{"line":63,"column":6},"end":{"line":66,"column":null}},"type":"if","locations":[{"start":{"line":63,"column":6},"end":{"line":66,"column":null}},{"start":{},"end":{}}],"line":63},"2":{"loc":{"start":{"line":94,"column":6},"end":{"line":97,"column":null}},"type":"if","locations":[{"start":{"line":94,"column":6},"end":{"line":97,"column":null}},{"start":{},"end":{}}],"line":94},"3":{"loc":{"start":{"line":124,"column":4},"end":{"line":128,"column":null}},"type":"if","locations":[{"start":{"line":124,"column":4},"end":{"line":128,"column":null}},{"start":{},"end":{}}],"line":124},"4":{"loc":{"start":{"line":124,"column":8},"end":{"line":124,"column":54}},"type":"binary-expr","locations":[{"start":{"line":124,"column":8},"end":{"line":124,"column":32}},{"start":{"line":124,"column":32},"end":{"line":124,"column":54}}],"line":124},"5":{"loc":{"start":{"line":125,"column":6},"end":{"line":127,"column":null}},"type":"if","locations":[{"start":{"line":125,"column":6},"end":{"line":127,"column":null}},{"start":{},"end":{}}],"line":125},"6":{"loc":{"start":{"line":125,"column":34},"end":{"line":125,"column":62}},"type":"binary-expr","locations":[{"start":{"line":125,"column":34},"end":{"line":125,"column":58}},{"start":{"line":125,"column":58},"end":{"line":125,"column":62}}],"line":125},"7":{"loc":{"start":{"line":131,"column":4},"end":{"line":140,"column":null}},"type":"if","locations":[{"start":{"line":131,"column":4},"end":{"line":140,"column":null}},{"start":{},"end":{}}],"line":131},"8":{"loc":{"start":{"line":133,"column":8},"end":{"line":134,"column":null}},"type":"binary-expr","locations":[{"start":{"line":133,"column":8},"end":{"line":133,"column":null}},{"start":{"line":134,"column":8},"end":{"line":134,"column":null}}],"line":133},"9":{"loc":{"start":{"line":133,"column":26},"end":{"line":133,"column":null}},"type":"binary-expr","locations":[{"start":{"line":133,"column":26},"end":{"line":133,"column":50}},{"start":{"line":133,"column":50},"end":{"line":133,"column":null}}],"line":133},"10":{"loc":{"start":{"line":134,"column":26},"end":{"line":134,"column":null}},"type":"binary-expr","locations":[{"start":{"line":134,"column":26},"end":{"line":134,"column":50}},{"start":{"line":134,"column":50},"end":{"line":134,"column":null}}],"line":134},"11":{"loc":{"start":{"line":137,"column":6},"end":{"line":139,"column":null}},"type":"if","locations":[{"start":{"line":137,"column":6},"end":{"line":139,"column":null}},{"start":{},"end":{}}],"line":137},"12":{"loc":{"start":{"line":138,"column":63},"end":{"line":138,"column":89}},"type":"binary-expr","locations":[{"start":{"line":138,"column":63},"end":{"line":138,"column":87}},{"start":{"line":138,"column":87},"end":{"line":138,"column":89}}],"line":138},"13":{"loc":{"start":{"line":138,"column":94},"end":{"line":138,"column":122}},"type":"binary-expr","locations":[{"start":{"line":138,"column":94},"end":{"line":138,"column":118}},{"start":{"line":138,"column":118},"end":{"line":138,"column":122}}],"line":138},"14":{"loc":{"start":{"line":158,"column":8},"end":{"line":163,"column":null}},"type":"binary-expr","locations":[{"start":{"line":158,"column":8},"end":{"line":158,"column":null}},{"start":{"line":159,"column":8},"end":{"line":159,"column":null}},{"start":{"line":160,"column":8},"end":{"line":160,"column":null}},{"start":{"line":161,"column":8},"end":{"line":161,"column":null}},{"start":{"line":162,"column":8},"end":{"line":162,"column":null}},{"start":{"line":163,"column":8},"end":{"line":163,"column":null}}],"line":158},"15":{"loc":{"start":{"line":166,"column":6},"end":{"line":173,"column":null}},"type":"if","locations":[{"start":{"line":166,"column":6},"end":{"line":173,"column":null}},{"start":{},"end":{}}],"line":166},"16":{"loc":{"start":{"line":175,"column":13},"end":{"line":175,"column":null}},"type":"binary-expr","locations":[{"start":{"line":175,"column":13},"end":{"line":175,"column":33}},{"start":{"line":175,"column":33},"end":{"line":175,"column":null}}],"line":175},"17":{"loc":{"start":{"line":188,"column":4},"end":{"line":188,"column":null}},"type":"default-arg","locations":[{"start":{"line":188,"column":32},"end":{"line":188,"column":null}}],"line":188},"18":{"loc":{"start":{"line":201,"column":8},"end":{"line":203,"column":null}},"type":"cond-expr","locations":[{"start":{"line":201,"column":15},"end":{"line":202,"column":null}},{"start":{"line":203,"column":8},"end":{"line":203,"column":null}}],"line":201},"19":{"loc":{"start":{"line":206,"column":6},"end":{"line":208,"column":null}},"type":"if","locations":[{"start":{"line":206,"column":6},"end":{"line":208,"column":null}},{"start":{},"end":{}}],"line":206},"20":{"loc":{"start":{"line":213,"column":6},"end":{"line":215,"column":null}},"type":"if","locations":[{"start":{"line":213,"column":6},"end":{"line":215,"column":null}},{"start":{},"end":{}}],"line":213}},"s":{"0":1,"1":1,"2":4,"3":4,"4":3,"5":2,"6":3,"7":1,"8":1,"9":2,"10":2,"11":2,"12":2,"13":1,"14":1,"15":4,"16":4,"17":3,"18":2,"19":3,"20":1,"21":1,"22":2,"23":2,"24":2,"25":2,"26":1,"27":1,"28":3,"29":3,"30":2,"31":2,"32":2,"33":1,"34":1,"35":1,"36":1,"37":1,"38":1,"39":1,"40":6,"41":6,"42":4,"43":1,"44":6,"45":5,"46":11,"47":5,"48":2,"49":6,"50":5,"51":5,"52":4,"53":5,"54":4,"55":1,"56":4,"57":1,"58":1,"59":0,"60":0,"61":0,"62":0,"63":0,"64":0,"65":0,"66":0,"67":0,"68":0,"69":0,"70":0,"71":0,"72":0,"73":0,"74":0,"75":2,"76":2,"77":1,"78":2,"79":1,"80":1,"81":1,"82":1,"83":4,"84":4,"85":4,"86":4},"f":{"0":1,"1":2,"2":1,"3":2,"4":1,"5":2,"6":1,"7":11,"8":1,"9":5,"10":1,"11":0,"12":1,"13":2,"14":1},"b":{"0":[1,2],"1":[1,2],"2":[1,1],"3":[4,2],"4":[6,5],"5":[1,3],"6":[4,0],"7":[5,1],"8":[11,9],"9":[11,2],"10":[9,0],"11":[2,3],"12":[2,1],"13":[2,0],"14":[5,4,4,3,3,2],"15":[1,3],"16":[4,3],"17":[0],"18":[0,0],"19":[0,0],"20":[0,0]},"meta":{"lastBranch":21,"lastFunction":15,"lastStatement":87,"seen":{"s:19:47:19:Infinity":0,"s:20:45:20:Infinity":1,"f:25:15:25:65":0,"s:26:4:51:Infinity":2,"s:28:30:28:Infinity":3,"s:29:27:29:Infinity":4,"f:29:48:29:53":1,"s:29:53:29:87":5,"b:31:6:34:Infinity:undefined:undefined:undefined:undefined":0,"s:31:6:34:Infinity":6,"s:32:8:32:Infinity":7,"s:33:8:33:Infinity":8,"s:37:57:41:Infinity":9,"s:43:28:43:Infinity":10,"s:44:6:44:Infinity":11,"s:46:6:46:Infinity":12,"s:49:6:49:Infinity":13,"s:50:6:50:Infinity":14,"f:57:15:57:62":2,"s:58:4:83:Infinity":15,"s:60:28:60:Infinity":16,"s:61:25:61:Infinity":17,"f:61:44:61:49":3,"s:61:49:61:81":18,"b:63:6:66:Infinity:undefined:undefined:undefined:undefined":1,"s:63:6:66:Infinity":19,"s:64:8:64:Infinity":20,"s:65:8:65:Infinity":21,"s:69:50:73:Infinity":22,"s:75:26:75:Infinity":23,"s:76:6:76:Infinity":24,"s:78:6:78:Infinity":25,"s:81:6:81:Infinity":26,"s:82:6:82:Infinity":27,"f:89:15:89:78":4,"s:90:4:111:Infinity":28,"s:91:24:91:Infinity":29,"s:92:30:92:Infinity":30,"f:92:47:92:52":5,"s:92:52:92:65":31,"b:94:6:97:Infinity:undefined:undefined:undefined:undefined":2,"s:94:6:97:Infinity":32,"s:95:8:95:Infinity":33,"s:96:8:96:Infinity":34,"s:100:30:100:Infinity":35,"s:101:6:104:Infinity":36,"s:106:6:106:Infinity":37,"s:109:6:109:Infinity":38,"s:110:6:110:Infinity":39,"f:117:9:117:Infinity":6,"s:121:29:121:Infinity":40,"b:124:4:128:Infinity:undefined:undefined:undefined:undefined":3,"s:124:4:128:Infinity":41,"b:124:8:124:32:124:32:124:54":4,"b:125:6:127:Infinity:undefined:undefined:undefined:undefined":5,"s:125:6:127:Infinity":42,"b:125:34:125:58:125:58:125:62":6,"s:126:8:126:Infinity":43,"b:131:4:140:Infinity:undefined:undefined:undefined:undefined":7,"s:131:4:140:Infinity":44,"s:132:28:135:Infinity":45,"f:132:50:132:Infinity":7,"s:133:8:134:Infinity":46,"b:133:8:133:Infinity:134:8:134:Infinity":8,"b:133:26:133:50:133:50:133:Infinity":9,"b:134:26:134:50:134:50:134:Infinity":10,"b:137:6:139:Infinity:undefined:undefined:undefined:undefined":11,"s:137:6:139:Infinity":47,"s:138:8:138:Infinity":48,"b:138:63:138:87:138:87:138:89":12,"b:138:94:138:118:138:118:138:122":13,"s:142:4:142:Infinity":49,"f:148:15:148:Infinity":8,"s:154:4:180:Infinity":50,"s:155:24:155:Infinity":51,"s:157:31:164:Infinity":52,"f:157:46:157:Infinity":9,"s:158:8:163:Infinity":53,"b:158:8:158:Infinity:159:8:159:Infinity:160:8:160:Infinity:161:8:161:Infinity:162:8:162:Infinity:163:8:163:Infinity":14,"b:166:6:173:Infinity:undefined:undefined:undefined:undefined":15,"s:166:6:173:Infinity":54,"s:167:8:172:Infinity":55,"s:175:6:175:Infinity":56,"b:175:13:175:33:175:33:175:Infinity":16,"s:178:6:178:Infinity":57,"s:179:6:179:Infinity":58,"f:186:15:186:Infinity":10,"b:188:32:188:Infinity":17,"s:190:4:240:Infinity":59,"s:191:6:195:Infinity":60,"s:198:62:204:Infinity":61,"b:201:15:202:Infinity:203:8:203:Infinity":18,"f:202:57:202:62":11,"s:202:62:202:101":62,"b:206:6:208:Infinity:undefined:undefined:undefined:undefined":19,"s:206:6:208:Infinity":63,"s:207:8:207:Infinity":64,"s:211:29:211:Infinity":65,"s:212:31:212:Infinity":66,"b:213:6:215:Infinity:undefined:undefined:undefined:undefined":20,"s:213:6:215:Infinity":67,"s:214:8:214:Infinity":68,"s:218:55:223:Infinity":69,"s:226:27:226:Infinity":70,"s:228:6:233:Infinity":71,"s:235:6:235:Infinity":72,"s:238:6:238:Infinity":73,"s:239:6:239:Infinity":74,"f:246:15:246:31":12,"s:247:4:264:Infinity":75,"s:248:21:248:Infinity":76,"s:250:27:252:Infinity":77,"f:250:41:250:Infinity":13,"s:251:8:251:Infinity":78,"s:254:6:257:Infinity":79,"s:259:6:259:Infinity":80,"s:262:6:262:Infinity":81,"s:263:6:263:Infinity":82,"f:270:9:270:Infinity":14,"s:275:27:275:Infinity":83,"s:276:23:276:Infinity":84,"s:278:4:283:Infinity":85,"s:285:4:285:Infinity":86}}}
,"C:\\Users\\User\\Documents\\projets\\erp-speedboat-tour\\src\\core\\domain\\TransactionService.ts": {"path":"C:\\Users\\User\\Documents\\projets\\erp-speedboat-tour\\src\\core\\domain\\TransactionService.ts","statementMap":{"0":{"start":{"line":31,"column":60},"end":{"line":34,"column":null}},"1":{"start":{"line":36,"column":4},"end":{"line":102,"column":null}},"2":{"start":{"line":37,"column":6},"end":{"line":41,"column":null}},"3":{"start":{"line":44,"column":25},"end":{"line":44,"column":null}},"4":{"start":{"line":47,"column":34},"end":{"line":50,"column":null}},"5":{"start":{"line":51,"column":27},"end":{"line":51,"column":null}},"6":{"start":{"line":52,"column":6},"end":{"line":52,"column":null}},"7":{"start":{"line":55,"column":24},"end":{"line":55,"column":null}},"8":{"start":{"line":56,"column":27},"end":{"line":60,"column":null}},"9":{"start":{"line":62,"column":25},"end":{"line":62,"column":null}},"10":{"start":{"line":65,"column":6},"end":{"line":77,"column":null}},"11":{"start":{"line":79,"column":6},"end":{"line":82,"column":null}},"12":{"start":{"line":84,"column":6},"end":{"line":88,"column":null}},"13":{"start":{"line":91,"column":6},"end":{"line":94,"column":null}},"14":{"start":{"line":96,"column":6},"end":{"line":96,"column":null}},"15":{"start":{"line":98,"column":6},"end":{"line":101,"column":null}},"16":{"start":{"line":114,"column":4},"end":{"line":182,"column":null}},"17":{"start":{"line":115,"column":6},"end":{"line":118,"column":null}},"18":{"start":{"line":121,"column":20},"end":{"line":121,"column":null}},"19":{"start":{"line":122,"column":6},"end":{"line":124,"column":null}},"20":{"start":{"line":123,"column":8},"end":{"line":123,"column":null}},"21":{"start":{"line":127,"column":27},"end":{"line":127,"column":null}},"22":{"start":{"line":130,"column":26},"end":{"line":130,"column":null}},"23":{"start":{"line":131,"column":24},"end":{"line":131,"column":null}},"24":{"start":{"line":131,"column":55},"end":{"line":131,"column":71}},"25":{"start":{"line":134,"column":27},"end":{"line":138,"column":null}},"26":{"start":{"line":140,"column":25},"end":{"line":140,"column":null}},"27":{"start":{"line":143,"column":6},"end":{"line":157,"column":null}},"28":{"start":{"line":159,"column":6},"end":{"line":164,"column":null}},"29":{"start":{"line":166,"column":6},"end":{"line":170,"column":null}},"30":{"start":{"line":173,"column":6},"end":{"line":176,"column":null}},"31":{"start":{"line":178,"column":6},"end":{"line":181,"column":null}},"32":{"start":{"line":194,"column":60},"end":{"line":194,"column":null}},"33":{"start":{"line":196,"column":4},"end":{"line":276,"column":null}},"34":{"start":{"line":197,"column":6},"end":{"line":200,"column":null}},"35":{"start":{"line":203,"column":20},"end":{"line":203,"column":null}},"36":{"start":{"line":204,"column":6},"end":{"line":206,"column":null}},"37":{"start":{"line":205,"column":8},"end":{"line":205,"column":null}},"38":{"start":{"line":208,"column":6},"end":{"line":208,"column":null}},"39":{"start":{"line":211,"column":23},"end":{"line":211,"column":null}},"40":{"start":{"line":214,"column":29},"end":{"line":219,"column":null}},"41":{"start":{"line":221,"column":25},"end":{"line":221,"column":null}},"42":{"start":{"line":224,"column":33},"end":{"line":224,"column":null}},"43":{"start":{"line":224,"column":54},"end":{"line":224,"column":78}},"44":{"start":{"line":227,"column":6},"end":{"line":239,"column":null}},"45":{"start":{"line":241,"column":6},"end":{"line":245,"column":null}},"46":{"start":{"line":247,"column":6},"end":{"line":250,"column":null}},"47":{"start":{"line":253,"column":6},"end":{"line":256,"column":null}},"48":{"start":{"line":259,"column":6},"end":{"line":270,"column":null}},"49":{"start":{"line":260,"column":8},"end":{"line":269,"column":null}},"50":{"start":{"line":261,"column":10},"end":{"line":261,"column":null}},"51":{"start":{"line":262,"column":10},"end":{"line":264,"column":null}},"52":{"start":{"line":266,"column":10},"end":{"line":268,"column":null}},"53":{"start":{"line":272,"column":6},"end":{"line":275,"column":null}},"54":{"start":{"line":280,"column":4},"end":{"line":280,"column":null}},"55":{"start":{"line":283,"column":4},"end":{"line":292,"column":null}},"56":{"start":{"line":284,"column":6},"end":{"line":291,"column":null}},"57":{"start":{"line":285,"column":8},"end":{"line":290,"column":null}},"58":{"start":{"line":286,"column":10},"end":{"line":286,"column":null}},"59":{"start":{"line":287,"column":10},"end":{"line":287,"column":null}},"60":{"start":{"line":289,"column":10},"end":{"line":289,"column":null}},"61":{"start":{"line":299,"column":29},"end":{"line":299,"column":null}},"62":{"start":{"line":301,"column":4},"end":{"line":303,"column":null}},"63":{"start":{"line":302,"column":6},"end":{"line":302,"column":null}},"64":{"start":{"line":305,"column":4},"end":{"line":307,"column":null}},"65":{"start":{"line":306,"column":6},"end":{"line":306,"column":null}},"66":{"start":{"line":309,"column":4},"end":{"line":311,"column":null}},"67":{"start":{"line":310,"column":6},"end":{"line":310,"column":null}},"68":{"start":{"line":313,"column":4},"end":{"line":315,"column":null}},"69":{"start":{"line":314,"column":6},"end":{"line":314,"column":null}},"70":{"start":{"line":317,"column":4},"end":{"line":319,"column":null}},"71":{"start":{"line":318,"column":6},"end":{"line":318,"column":null}},"72":{"start":{"line":321,"column":4},"end":{"line":321,"column":null}}},"fnMap":{"0":{"name":"(anonymous_0)","decl":{"start":{"line":25,"column":15},"end":{"line":25,"column":null}},"loc":{"start":{"line":30,"column":32},"end":{"line":103,"column":null}},"line":30},"1":{"name":"(anonymous_1)","decl":{"start":{"line":108,"column":15},"end":{"line":108,"column":null}},"loc":{"start":{"line":113,"column":32},"end":{"line":183,"column":null}},"line":113},"2":{"name":"(anonymous_2)","decl":{"start":{"line":131,"column":43},"end":{"line":131,"column":44}},"loc":{"start":{"line":131,"column":55},"end":{"line":131,"column":71}},"line":131},"3":{"name":"(anonymous_3)","decl":{"start":{"line":188,"column":15},"end":{"line":188,"column":null}},"loc":{"start":{"line":193,"column":32},"end":{"line":277,"column":null}},"line":193},"4":{"name":"(anonymous_4)","decl":{"start":{"line":224,"column":49},"end":{"line":224,"column":54}},"loc":{"start":{"line":224,"column":54},"end":{"line":224,"column":78}},"line":224},"5":{"name":"(anonymous_5)","decl":{"start":{"line":279,"column":23},"end":{"line":279,"column":39}},"loc":{"start":{"line":279,"column":101},"end":{"line":293,"column":null}},"line":279},"6":{"name":"(anonymous_6)","decl":{"start":{"line":298,"column":9},"end":{"line":298,"column":42}},"loc":{"start":{"line":298,"column":86},"end":{"line":322,"column":null}},"line":298}},"branchMap":{"0":{"loc":{"start":{"line":58,"column":16},"end":{"line":58,"column":null}},"type":"cond-expr","locations":[{"start":{"line":58,"column":32},"end":{"line":58,"column":55}},{"start":{"line":58,"column":55},"end":{"line":58,"column":null}}],"line":58},"1":{"loc":{"start":{"line":59,"column":23},"end":{"line":59,"column":null}},"type":"cond-expr","locations":[{"start":{"line":59,"column":55},"end":{"line":59,"column":78}},{"start":{"line":59,"column":78},"end":{"line":59,"column":null}}],"line":59},"2":{"loc":{"start":{"line":100,"column":15},"end":{"line":100,"column":null}},"type":"cond-expr","locations":[{"start":{"line":100,"column":40},"end":{"line":100,"column":56}},{"start":{"line":100,"column":56},"end":{"line":100,"column":null}}],"line":100},"3":{"loc":{"start":{"line":122,"column":6},"end":{"line":124,"column":null}},"type":"if","locations":[{"start":{"line":122,"column":6},"end":{"line":124,"column":null}},{"start":{},"end":{}}],"line":122},"4":{"loc":{"start":{"line":136,"column":16},"end":{"line":136,"column":null}},"type":"cond-expr","locations":[{"start":{"line":136,"column":68},"end":{"line":136,"column":91}},{"start":{"line":136,"column":91},"end":{"line":136,"column":null}}],"line":136},"5":{"loc":{"start":{"line":136,"column":16},"end":{"line":136,"column":68}},"type":"binary-expr","locations":[{"start":{"line":136,"column":16},"end":{"line":136,"column":33}},{"start":{"line":136,"column":33},"end":{"line":136,"column":68}}],"line":136},"6":{"loc":{"start":{"line":137,"column":23},"end":{"line":137,"column":null}},"type":"cond-expr","locations":[{"start":{"line":137,"column":50},"end":{"line":137,"column":73}},{"start":{"line":137,"column":73},"end":{"line":137,"column":null}}],"line":137},"7":{"loc":{"start":{"line":180,"column":15},"end":{"line":180,"column":null}},"type":"cond-expr","locations":[{"start":{"line":180,"column":40},"end":{"line":180,"column":56}},{"start":{"line":180,"column":56},"end":{"line":180,"column":null}}],"line":180},"8":{"loc":{"start":{"line":204,"column":6},"end":{"line":206,"column":null}},"type":"if","locations":[{"start":{"line":204,"column":6},"end":{"line":206,"column":null}},{"start":{},"end":{}}],"line":204},"9":{"loc":{"start":{"line":259,"column":6},"end":{"line":270,"column":null}},"type":"if","locations":[{"start":{"line":259,"column":6},"end":{"line":270,"column":null}},{"start":{},"end":{}}],"line":259},"10":{"loc":{"start":{"line":274,"column":15},"end":{"line":274,"column":null}},"type":"cond-expr","locations":[{"start":{"line":274,"column":40},"end":{"line":274,"column":56}},{"start":{"line":274,"column":56},"end":{"line":274,"column":null}}],"line":274},"11":{"loc":{"start":{"line":283,"column":4},"end":{"line":292,"column":null}},"type":"if","locations":[{"start":{"line":283,"column":4},"end":{"line":292,"column":null}},{"start":{},"end":{}}],"line":283},"12":{"loc":{"start":{"line":301,"column":4},"end":{"line":303,"column":null}},"type":"if","locations":[{"start":{"line":301,"column":4},"end":{"line":303,"column":null}},{"start":{},"end":{}}],"line":301},"13":{"loc":{"start":{"line":305,"column":4},"end":{"line":307,"column":null}},"type":"if","locations":[{"start":{"line":305,"column":4},"end":{"line":307,"column":null}},{"start":{},"end":{}}],"line":305},"14":{"loc":{"start":{"line":309,"column":4},"end":{"line":311,"column":null}},"type":"if","locations":[{"start":{"line":309,"column":4},"end":{"line":311,"column":null}},{"start":{},"end":{}}],"line":309},"15":{"loc":{"start":{"line":313,"column":4},"end":{"line":315,"column":null}},"type":"if","locations":[{"start":{"line":313,"column":4},"end":{"line":315,"column":null}},{"start":{},"end":{}}],"line":313},"16":{"loc":{"start":{"line":317,"column":4},"end":{"line":319,"column":null}},"type":"if","locations":[{"start":{"line":317,"column":4},"end":{"line":319,"column":null}},{"start":{},"end":{}}],"line":317}},"s":{"0":0,"1":0,"2":0,"3":0,"4":0,"5":0,"6":0,"7":0,"8":0,"9":0,"10":0,"11":0,"12":0,"13":0,"14":0,"15":0,"16":0,"17":0,"18":0,"19":0,"20":0,"21":0,"22":0,"23":0,"24":0,"25":0,"26":0,"27":0,"28":0,"29":0,"30":0,"31":0,"32":0,"33":0,"34":0,"35":0,"36":0,"37":0,"38":0,"39":0,"40":0,"41":0,"42":0,"43":0,"44":0,"45":0,"46":0,"47":0,"48":0,"49":0,"50":0,"51":0,"52":0,"53":0,"54":0,"55":0,"56":0,"57":0,"58":0,"59":0,"60":0,"61":7,"62":7,"63":2,"64":7,"65":2,"66":7,"67":2,"68":7,"69":2,"70":7,"71":2,"72":7},"f":{"0":1,"1":1,"2":0,"3":1,"4":0,"5":1,"6":1},"b":{"0":[0,0],"1":[0,0],"2":[0,0],"3":[0,0],"4":[0,0],"5":[0,0],"6":[0,0],"7":[0,0],"8":[0,0],"9":[0,0],"10":[0,0],"11":[0,0],"12":[2,5],"13":[2,5],"14":[2,5],"15":[2,5],"16":[2,5]},"meta":{"lastBranch":17,"lastFunction":7,"lastStatement":73,"seen":{"f:25:15:25:Infinity":0,"s:31:60:34:Infinity":0,"s:36:4:102:Infinity":1,"s:37:6:41:Infinity":2,"s:44:25:44:Infinity":3,"s:47:34:50:Infinity":4,"s:51:27:51:Infinity":5,"s:52:6:52:Infinity":6,"s:55:24:55:Infinity":7,"s:56:27:60:Infinity":8,"b:58:32:58:55:58:55:58:Infinity":0,"b:59:55:59:78:59:78:59:Infinity":1,"s:62:25:62:Infinity":9,"s:65:6:77:Infinity":10,"s:79:6:82:Infinity":11,"s:84:6:88:Infinity":12,"s:91:6:94:Infinity":13,"s:96:6:96:Infinity":14,"s:98:6:101:Infinity":15,"b:100:40:100:56:100:56:100:Infinity":2,"f:108:15:108:Infinity":1,"s:114:4:182:Infinity":16,"s:115:6:118:Infinity":17,"s:121:20:121:Infinity":18,"b:122:6:124:Infinity:undefined:undefined:undefined:undefined":3,"s:122:6:124:Infinity":19,"s:123:8:123:Infinity":20,"s:127:27:127:Infinity":21,"s:130:26:130:Infinity":22,"s:131:24:131:Infinity":23,"f:131:43:131:44":2,"s:131:55:131:71":24,"s:134:27:138:Infinity":25,"b:136:68:136:91:136:91:136:Infinity":4,"b:136:16:136:33:136:33:136:68":5,"b:137:50:137:73:137:73:137:Infinity":6,"s:140:25:140:Infinity":26,"s:143:6:157:Infinity":27,"s:159:6:164:Infinity":28,"s:166:6:170:Infinity":29,"s:173:6:176:Infinity":30,"s:178:6:181:Infinity":31,"b:180:40:180:56:180:56:180:Infinity":7,"f:188:15:188:Infinity":3,"s:194:60:194:Infinity":32,"s:196:4:276:Infinity":33,"s:197:6:200:Infinity":34,"s:203:20:203:Infinity":35,"b:204:6:206:Infinity:undefined:undefined:undefined:undefined":8,"s:204:6:206:Infinity":36,"s:205:8:205:Infinity":37,"s:208:6:208:Infinity":38,"s:211:23:211:Infinity":39,"s:214:29:219:Infinity":40,"s:221:25:221:Infinity":41,"s:224:33:224:Infinity":42,"f:224:49:224:54":4,"s:224:54:224:78":43,"s:227:6:239:Infinity":44,"s:241:6:245:Infinity":45,"s:247:6:250:Infinity":46,"s:253:6:256:Infinity":47,"b:259:6:270:Infinity:undefined:undefined:undefined:undefined":9,"s:259:6:270:Infinity":48,"s:260:8:269:Infinity":49,"s:261:10:261:Infinity":50,"s:262:10:264:Infinity":51,"s:266:10:268:Infinity":52,"s:272:6:275:Infinity":53,"b:274:40:274:56:274:56:274:Infinity":10,"f:279:23:279:39":5,"s:280:4:280:Infinity":54,"b:283:4:292:Infinity:undefined:undefined:undefined:undefined":11,"s:283:4:292:Infinity":55,"s:284:6:291:Infinity":56,"s:285:8:290:Infinity":57,"s:286:10:286:Infinity":58,"s:287:10:287:Infinity":59,"s:289:10:289:Infinity":60,"f:298:9:298:42":6,"s:299:29:299:Infinity":61,"b:301:4:303:Infinity:undefined:undefined:undefined:undefined":12,"s:301:4:303:Infinity":62,"s:302:6:302:Infinity":63,"b:305:4:307:Infinity:undefined:undefined:undefined:undefined":13,"s:305:4:307:Infinity":64,"s:306:6:306:Infinity":65,"b:309:4:311:Infinity:undefined:undefined:undefined:undefined":14,"s:309:4:311:Infinity":66,"s:310:6:310:Infinity":67,"b:313:4:315:Infinity:undefined:undefined:undefined:undefined":15,"s:313:4:315:Infinity":68,"s:314:6:314:Infinity":69,"b:317:4:319:Infinity:undefined:undefined:undefined:undefined":16,"s:317:4:319:Infinity":70,"s:318:6:318:Infinity":71,"s:321:4:321:Infinity":72}}}
,"C:\\Users\\User\\Documents\\projets\\erp-speedboat-tour\\src\\core\\utils\\objectUtils.ts": {"path":"C:\\Users\\User\\Documents\\projets\\erp-speedboat-tour\\src\\core\\utils\\objectUtils.ts","statementMap":{"0":{"start":{"line":8,"column":30},"end":{"line":24,"column":null}},"1":{"start":{"line":9,"column":2},"end":{"line":11,"column":null}},"2":{"start":{"line":10,"column":4},"end":{"line":10,"column":null}},"3":{"start":{"line":10,"column":27},"end":{"line":10,"column":47}},"4":{"start":{"line":13,"column":2},"end":{"line":21,"column":null}},"5":{"start":{"line":14,"column":22},"end":{"line":14,"column":null}},"6":{"start":{"line":15,"column":4},"end":{"line":19,"column":null}},"7":{"start":{"line":16,"column":6},"end":{"line":18,"column":null}},"8":{"start":{"line":17,"column":9},"end":{"line":17,"column":null}},"9":{"start":{"line":20,"column":4},"end":{"line":20,"column":null}},"10":{"start":{"line":23,"column":2},"end":{"line":23,"column":null}}},"fnMap":{"0":{"name":"(anonymous_0)","decl":{"start":{"line":8,"column":30},"end":{"line":8,"column":34}},"loc":{"start":{"line":8,"column":48},"end":{"line":24,"column":null}},"line":8},"1":{"name":"(anonymous_1)","decl":{"start":{"line":10,"column":19},"end":{"line":10,"column":27}},"loc":{"start":{"line":10,"column":27},"end":{"line":10,"column":47}},"line":10},"2":{"name":"(anonymous_2)","decl":{"start":{"line":15,"column":29},"end":{"line":15,"column":36}},"loc":{"start":{"line":15,"column":36},"end":{"line":19,"column":5}},"line":15}},"branchMap":{"0":{"loc":{"start":{"line":9,"column":2},"end":{"line":11,"column":null}},"type":"if","locations":[{"start":{"line":9,"column":2},"end":{"line":11,"column":null}},{"start":{},"end":{}}],"line":9},"1":{"loc":{"start":{"line":13,"column":2},"end":{"line":21,"column":null}},"type":"if","locations":[{"start":{"line":13,"column":2},"end":{"line":21,"column":null}},{"start":{},"end":{}}],"line":13},"2":{"loc":{"start":{"line":13,"column":6},"end":{"line":13,"column":73}},"type":"binary-expr","locations":[{"start":{"line":13,"column":6},"end":{"line":13,"column":22}},{"start":{"line":13,"column":22},"end":{"line":13,"column":49}},{"start":{"l
[...]
herTermsViewModel.ts","statementMap":{"0":{"start":{"line":5,"column":40},"end":{"line":38,"column":null}},"1":{"start":{"line":6,"column":24},"end":{"line":6,"column":null}},"2":{"start":{"line":7,"column":32},"end":{"line":7,"column":null}},"3":{"start":{"line":8,"column":21},"end":{"line":8,"column":null}},"4":{"start":{"line":10,"column":2},"end":{"line":21,"column":null}},"5":{"start":{"line":11,"column":4},"end":{"line":11,"column":null}},"6":{"start":{"line":11,"column":34},"end":{"line":11,"column":84}},"7":{"start":{"line":13,"column":24},"end":{"line":18,"column":null}},"8":{"start":{"line":14,"column":6},"end":{"line":16,"column":null}},"9":{"start":{"line":15,"column":8},"end":{"line":15,"column":null}},"10":{"start":{"line":17,"column":6},"end":{"line":17,"column":null}},"11":{"start":{"line":20,"column":4},"end":{"line":20,"column":null}},"12":{"start":{"line":23,"column":20},"end":{"line":31,"column":null}},"13":{"start":{"line":24,"column":4},"end":{"line":30,"column":null}},"14":{"start":{"line":25,"column":6},"end":{"line":25,"column":null}},"15":{"start":{"line":26,"column":6},"end":{"line":26,"column":null}},"16":{"start":{"line":28,"column":6},"end":{"line":28,"column":null}},"17":{"start":{"line":29,"column":6},"end":{"line":29,"column":null}},"18":{"start":{"line":33,"column":2},"end":{"line":37,"column":null}}},"fnMap":{"0":{"name":"(anonymous_0)","decl":{"start":{"line":5,"column":40},"end":{"line":5,"column":46}},"loc":{"start":{"line":5,"column":46},"end":{"line":38,"column":null}},"line":5},"1":{"name":"(anonymous_1)","decl":{"start":{"line":10,"column":12},"end":{"line":10,"column":18}},"loc":{"start":{"line":10,"column":18},"end":{"line":21,"column":5}},"line":10},"2":{"name":"(anonymous_2)","decl":{"start":{"line":11,"column":27},"end":{"line":11,"column":34}},"loc":{"start":{"line":11,"column":34},"end":{"line":11,"column":84}},"line":11},"3":{"name":"(anonymous_3)","decl":{"start":{"line":13,"column":45},"end":{"line":13,"column":46}},"loc":{"start":{"line":13,"column":55},"end":{"line":18,"column":5}},"line":13},"4":{"name":"(anonymous_4)","decl":{"start":{"line":23,"column":20},"end":{"line":23,"column":27}},"loc":{"start":{"line":23,"column":47},"end":{"line":31,"column":null}},"line":23}},"branchMap":{"0":{"loc":{"start":{"line":14,"column":6},"end":{"line":16,"column":null}},"type":"if","locations":[{"start":{"line":14,"column":6},"end":{"line":16,"column":null}},{"start":{},"end":{}}],"line":14}},"s":{"0":1,"1":0,"2":0,"3":0,"4":0,"5":0,"6":0,"7":0,"8":0,"9":0,"10":0,"11":0,"12":0,"13":0,"14":0,"15":0,"16":0,"17":0,"18":0},"f":{"0":0,"1":0,"2":0,"3":0,"4":0},"b":{"0":[0,0]},"meta":{"lastBranch":1,"lastFunction":5,"lastStatement":19,"seen":{"s:5:40:38:Infinity":0,"f:5:40:5:46":0,"s:6:24:6:Infinity":1,"s:7:32:7:Infinity":2,"s:8:21:8:Infinity":3,"s:10:2:21:Infinity":4,"f:10:12:10:18":1,"s:11:4:11:Infinity":5,"f:11:27:11:34":2,"s:11:34:11:84":6,"s:13:24:18:Infinity":7,"f:13:45:13:46":3,"b:14:6:16:Infinity:undefined:undefined:undefined:undefined":0,"s:14:6:16:Infinity":8,"s:15:8:15:Infinity":9,"s:17:6:17:Infinity":10,"s:20:4:20:Infinity":11,"s:23:20:31:Infinity":12,"f:23:20:23:27":4,"s:24:4:30:Infinity":13,"s:25:6:25:Infinity":14,"s:26:6:26:Infinity":15,"s:28:6:28:Infinity":16,"s:29:6:29:Infinity":17,"s:33:2:37:Infinity":18}}}
,"C:\\Users\\User\\Documents\\projets\\erp-speedboat-tour\\src\\viewmodels\\useVoucherViewModel.ts": {"path":"C:\\Users\\User\\Documents\\projets\\erp-speedboat-tour\\src\\viewmodels\\useVoucherViewModel.ts","statementMap":{"0":{"start":{"line":21,"column":35},"end":{"line":198,"column":null}},"1":{"start":{"line":22,"column":18},"end":{"line":22,"column":null}},"2":{"start":{"line":23,"column":21},"end":{"line":23,"column":null}},"3":{"start":{"line":24,"column":20},"end":{"line":24,"column":null}},"4":{"start":{"line":25,"column":23},"end":{"line":25,"column":null}},"5":{"start":{"line":26,"column":28},"end":{"line":26,"column":null}},"6":{"start":{"line":27,"column":36},"end":{"line":27,"column":null}},"7":{"start":{"line":28,"column":38},"end":{"line":28,"column":null}},"8":{"start":{"line":29,"column":32},"end":{"line":29,"column":null}},"9":{"start":{"line":30,"column":32},"end":{"line":30,"column":null}},"10":{"start":{"line":31,"column":24},"end":{"line":31,"column":null}},"11":{"start":{"line":33,"column":2},"end":{"line":120,"column":null}},"12":{"start":{"line":34,"column":4},"end":{"line":38,"column":null}},"13":{"start":{"line":35,"column":6},"end":{"line":35,"column":null}},"14":{"start":{"line":36,"column":6},"end":{"line":36,"column":null}},"15":{"start":{"line":37,"column":6},"end":{"line":37,"column":null}},"16":{"start":{"line":40,"column":4},"end":{"line":40,"column":null}},"17":{"start":{"line":42,"column":24},"end":{"line":42,"column":null}},"18":{"start":{"line":43,"column":22},"end":{"line":43,"column":null}},"19":{"start":{"line":44,"column":27},"end":{"line":44,"column":null}},"20":{"start":{"line":47,"column":35},"end":{"line":47,"column":null}},"21":{"start":{"line":49,"column":4},"end":{"line":51,"column":null}},"22":{"start":{"line":50,"column":6},"end":{"line":50,"column":null}},"23":{"start":{"line":50,"column":16},"end":{"line":50,"column":null}},"24":{"start":{"line":53,"column":4},"end":{"line":55,"column":null}},"25":{"start":{"line":54,"column":6},"end":{"line":54,"column":null}},"26":{"start":{"line":54,"column":16},"end":{"line":54,"column":null}},"27":{"start":{"line":57,"column":4},"end":{"line":62,"column":null}},"28":{"start":{"line":58,"column":6},"end":{"line":61,"column":null}},"29":{"start":{"line":60,"column":8},"end":{"line":60,"column":null}},"30":{"start":{"line":65,"column":37},"end":{"line":65,"column":null}},"31":{"start":{"line":67,"column":31},"end":{"line":102,"column":null}},"32":{"start":{"line":68,"column":6},"end":{"line":68,"column":null}},"33":{"start":{"line":68,"column":25},"end":{"line":68,"column":null}},"34":{"start":{"line":70,"column":24},"end":{"line":70,"column":null}},"35":{"start":{"line":70,"column":59},"end":{"line":70,"column":75}},"36":{"start":{"line":71,"column":39},"end":{"line":71,"column":null}},"37":{"start":{"line":72,"column":29},"end":{"line":72,"column":null}},"38":{"start":{"line":74,"column":28},"end":{"line":74,"column":null}},"39":{"start":{"line":75,"column":38},"end":{"line":75,"column":null}},"40":{"start":{"line":76,"column":31},"end":{"line":76,"column":null}},"41":{"start":{"line":78,"column":24},"end":{"line":81,"column":null}},"42":{"start":{"line":79,"column":23},"end":{"line":79,"column":null}},"43":{"start":{"line":80,"column":8},"end":{"line":80,"column":null}},"44":{"start":{"line":82,"column":28},"end":{"line":82,"column":null}},"45":{"start":{"line":84,"column":6},"end":{"line":96,"column":null}},"46":{"start":{"line":98,"column":6},"end":{"line":100,"column":null}},"47":{"start":{"line":99,"column":8},"end":{"line":99,"column":null}},"48":{"start":{"line":101,"column":6},"end":{"line":101,"column":null}},"49":{"start":{"line":104,"column":4},"end":{"line":112,"column":null}},"50":{"start":{"line":105,"column":6},"end":{"line":111,"column":null}},"51":{"start":{"line":106,"column":8},"end":{"line":106,"column":null}},"52":{"start":{"line":107,"column":8},"end":{"line":107,"column":null}},"53":{"start":{"line":109,"column":8},"end":{"line":109,"column":null}},"54":{"start":{"line":110,"column":8},"end":{"line":110,"column":null}},"55":{"start":{"line":114,"column":4},"end":{"line":117,"column":null}},"56":{"start":{"line":115,"column":6},"end":{"line":115,"column":null}},"57":{"start":{"line":116,"column":6},"end":{"line":116,"column":null}},"58":{"start":{"line":119,"column":4},"end":{"line":119,"column":null}},"59":{"start":{"line":119,"column":17},"end":{"line":119,"column":null}},"60":{"start":{"line":119,"column":38},"end":{"line":119,"column":42}},"61":{"start":{"line":122,"column":28},"end":{"line":187,"column":null}},"62":{"start":{"line":123,"column":20},"end":{"line":123,"column":null}},"63":{"start":{"line":124,"column":19},"end":{"line":124,"column":null}},"64":{"start":{"line":125,"column":4},"end":{"line":125,"column":null}},"65":{"start":{"line":125,"column":30},"end":{"line":125,"column":null}},"66":{"start":{"line":128,"column":4},"end":{"line":132,"column":null}},"67":{"start":{"line":129,"column":6},"end":{"line":129,"column":null}},"68":{"start":{"line":130,"column":6},"end":{"line":130,"column":null}},"69":{"start":{"line":131,"column":6},"end":{"line":131,"column":null}},"70":{"start":{"line":134,"column":4},"end":{"line":186,"column":null}},"71":{"start":{"line":136,"column":12},"end":{"line":136,"column":null}},"72":{"start":{"line":138,"column":18},"end":{"line":154,"column":null}},"73":{"start":{"line":157,"column":6},"end":{"line":157,"column":null}},"74":{"start":{"line":159,"column":6},"end":{"line":162,"column":null}},"75":{"start":{"line":164,"column":6},"end":{"line":164,"column":null}},"76":{"start":{"line":166,"column":6},"end":{"line":166,"column":null}},"77":{"start":{"line":169,"column":27},"end":{"line":171,"column":null}},"78":{"start":{"line":173,"column":6},"end":{"line":173,"column":null}},"79":{"start":{"line":176,"column":6},"end":{"line":185,"column":null}},"80":{"start":{"line":177,"column":8},"end":{"line":177,"column":null}},"81":{"start":{"line":178,"column":8},"end":{"line":178,"column":null}},"82":{"start":{"line":179,"column":8},"end":{"line":179,"column":null}},"83":{"start":{"line":189,"column":2},"end":{"line":197,"column":null}}},"fnMap":{"0":{"name":"(anonymous_0)","decl":{"start":{"line":21,"column":35},"end":{"line":21,"column":41}},"loc":{"start":{"line":21,"column":41},"end":{"line":198,"column":null}},"line":21},"1":{"name":"(anonymous_1)","decl":{"start":{"line":33,"column":12},"end":{"line":33,"column":18}},"loc":{"start":{"line":33,"column":18},"end":{"line":120,"column":5}},"line":33},"2":{"name":"(anonymous_2)","decl":{"start":{"line":49,"column":38},"end":{"line":49,"column":39}},"loc":{"start":{"line":49,"column":48},"end":{"line":51,"column":5}},"line":49},"3":{"name":"(anonymous_3)","decl":{"start":{"line":53,"column":36},"end":{"line":53,"column":37}},"loc":{"start":{"line":53,"column":46},"end":{"line":55,"column":5}},"line":53},"4":{"name":"(anonymous_4)","decl":{"start":{"line":57,"column":41},"end":{"line":57,"column":42}},"loc":{"start":{"line":57,"column":51},"end":{"line":62,"column":5}},"line":57},"5":{"name":"(anonymous_5)","decl":{"start":{"line":67,"column":31},"end":{"line":67,"column":37}},"loc":{"start":{"line":67,"column":37},"end":{"line":102,"column":null}},"line":67},"6":{"name":"(anonymous_6)","decl":{"start":{"line":70,"column":47},"end":{"line":70,"column":48}},"loc":{"start":{"line":70,"column":59},"end":{"line":70,"column":75}},"line":70},"7":{"name":"(anonymous_7)","decl":{"start":{"line":78,"column":24},"end":{"line":78,"column":25}},"loc":{"start":{"line":78,"column":42},"end":{"line":81,"column":null}},"line":78},"8":{"name":"(anonymous_8)","decl":{"start":{"line":104,"column":55},"end":{"line":104,"column":56}},"loc":{"start":{"line":104,"column":66},"end":{"line":112,"column":5}},"line":104},"9":{"name":"(anonymous_9)","decl":{"start":{"line":114,"column":68},"end":{"line":114,"column":69}},"loc":{"start":{"line":114,"column":82},"end":{"line":117,"column":5}},"line":114},"10":{"name":"(anonymous_10)","decl":{"start":{"line":119,"column":11},"end":{"line":119,"column":17}},"loc":{"start":{"line":119,"column":17},"end":{"line":119,"column":null}},"line":119},"11":{"name":"(anonymous_11)","decl":{"start":{"line":119,"column":32},"end":{"line":119,"column":38}},"loc":{"start":{"line":119,"column":38},"end":{"line":119,"column":42}},"line":119},"12":{"name":"(anonymous_12)","decl":{"start":{"line":122,"column":28},"end":{"line":122,"column":40}},"loc":{"start":{"line":122,"column":40},"end":{"line":187,"column":null}},"line":122}},"branchMap":{"0":{"loc":{"start":{"line":34,"column":4},"end":{"line":38,"column":null}},"type":"if","locations":[{"start":{"line":34,"column":4},"end":{"line":38,"column":null}},{"start":{},"end":{}}],"line":34},"1":{"loc":{"start":{"line":50,"column":6},"end":{"line":50,"column":null}},"type":"if","locations":[{"start":{"line":50,"column":6},"end":{"line":50,"column":null}},{"start":{},"end":{}}],"line":50},"2":{"loc":{"start":{"line":54,"column":6},"end":{"line":54,"column":null}},"type":"if","locations":[{"start":{"line":54,"column":6},"end":{"line":54,"column":null}},{"start":{},"end":{}}],"line":54},"3":{"loc":{"start":{"line":58,"column":6},"end":{"line":61,"column":null}},"type":"if","locations":[{"start":{"line":58,"column":6},"end":{"line":61,"column":null}},{"start":{},"end":{}}],"line":58},"4":{"loc":{"start":{"line":60,"column":21},"end":{"line":60,"column":80}},"type":"binary-expr","locations":[{"start":{"line":60,"column":21},"end":{"line":60,"column":47}},{"start":{"line":60,"column":47},"end":{"line":60,"column":76}},{"start":{"line":60,"column":76},"end":{"line":60,"column":80}}],"line":60},"5":{"loc":{"start":{"line":68,"column":6},"end":{"line":68,"column":null}},"type":"if","locations":[{"start":{"line":68,"column":6},"end":{"line":68,"column":null}},{"start":{},"end":{}}],"line":68},"6":{"loc":{"start":{"line":71,"column":39},"end":{"line":71,"column":null}},"type":"binary-expr","locations":[{"start":{"line":71,"column":39},"end":{"line":71,"column":80}},{"start":{"line":71,"column":80},"end":{"line":71,"column":null}}],"line":71},"7":{"loc":{"start":{"line":88,"column":16},"end":{"line":88,"column":null}},"type":"binary-expr","locations":[{"start":{"line":88,"column":16},"end":{"line":88,"column":32}},{"start":{"line":88,"column":32},"end":{"line":88,"column":null}}],"line":88},"8":{"loc":{"start":{"line":98,"column":6},"end":{"line":100,"column":null}},"type":"if","locations":[{"start":{"line":98,"column":6},"end":{"line":100,"column":null}},{"start":{},"end":{}}],"line":98},"9":{"loc":{"start":{"line":98,"column":10},"end":{"line":98,"column":53}},"type":"binary-expr","locations":[{"start":{"line":98,"column":10},"end":{"line":98,"column":26}},{"start":{"line":98,"column":26},"end":{"line":98,"column":53}}],"line":98},"10":{"loc":{"start":{"line":99,"column":38},"end":{"line":99,"column":78}},"type":"binary-expr","locations":[{"start":{"line":99,"column":38},"end":{"line":99,"column":54}},{"start":{"line":99,"column":54},"end":{"line":99,"column":78}}],"line":99},"11":{"loc":{"start":{"line":105,"column":6},"end":{"line":111,"column":null}},"type":"if","locations":[{"start":{"line":105,"column":6},"end":{"line":111,"column":null}},{"start":{"line":108,"column":13},"end":{"line":111,"column":null}}],"line":105},"12":{"loc":{"start":{"line":125,"column":4},"end":{"line":125,"column":null}},"type":"if","locations":[{"start":{"line":125,"column":4},"end":{"line":125,"column":null}},{"start":{},"end":{}}],"line":125},"13":{"loc":{"start":{"line":125,"column":8},"end":{"line":125,"column":30}},"type":"binary-expr","locations":[{"start":{"line":125,"column":8},"end":{"line":125,"column":20}},{"start":{"line":125,"column":20},"end":{"line":125,"column":30}}],"line":125},"14":{"loc":{"start":{"line":128,"column":4},"end":{"line":132,"column":null}},"type":"if","locations":[{"start":{"line":128,"column":4},"end":{"line":132,"column":null}},{"start":{},"end":{}}],"line":128},"15":{"loc":{"start":{"line":169,"column":27},"end":{"line":171,"column":null}},"type":"cond-expr","locations":[{"start":{"line":170,"column":10},"end":{"line":170,"column":null}},{"start":{"line":171,"column":10},"end":{"line":171,"column":null}}],"line":169},"16":{"loc":{"start":{"line":176,"column":6},"end":{"line":185,"column":null}},"type":"if","locations":[{"start":{"line":176,"column":6},"end":{"line":185,"column":null}},{"start":{},"end":{}}],"line":176}},"s":{"0":1,"1":0,"2":0,"3":0,"4":0,"5":0,"6":0,"7":0,"8":0,"9":0,"10":0,"11":0,"12":0,"13":0,"14":0,"15":0,"16":0,"17":0,"18":0,"19":0,"20":0,"21":0,"22":0,"23":0,"24":0,"25":0,"26":0,"27":0,"28":0,"29":0,"30":0,"31":0,"32":0,"33":0,"34":0,"35":0,"36":0,"37":0,"38":0,"39":0,"40":0,"41":0,"42":0,"43":0,"44":0,"45":0,"46":0,"47":0,"48":0,"49":0,"50":0,"51":0,"52":0,"53":0,"54":0,"55":0,"56":0,"57":0,"58":0,"59":0,"60":0,"61":0,"62":0,"63":0,"64":0,"65":0,"66":0,"67":0,"68":0,"69":0,"70":0,"71":0,"72":0,"73":0,"74":0,"75":0,"76":0,"77":0,"78":0,"79":0,"80":0,"81":0,"82":0,"83":0},"f":{"0":0,"1":0,"2":0,"3":0,"4":0,"5":0,"6":0,"7":0,"8":0,"9":0,"10":0,"11":0,"12":0},"b":{"0":[0,0],"1":[0,0],"2":[0,0],"3":[0,0],"4":[0,0,0],"5":[0,0],"6":[0,0],"7":[0,0],"8":[0,0],"9":[0,0],"10":[0,0],"11":[0,0],"12":[0,0],"13":[0,0],"14":[0,0],"15":[0,0],"16":[0,0]},"meta":{"lastBranch":17,"lastFunction":13,"lastStatement":84,"seen":{"s:21:35:198:Infinity":0,"f:21:35:21:41":0,"s:22:18:22:Infinity":1,"s:23:21:23:Infinity":2,"s:24:20:24:Infinity":3,"s:25:23:25:Infinity":4,"s:26:28:26:Infinity":5,"s:27:36:27:Infinity":6,"s:28:38:28:Infinity":7,"s:29:32:29:Infinity":8,"s:30:32:30:Infinity":9,"s:31:24:31:Infinity":10,"s:33:2:120:Infinity":11,"f:33:12:33:18":1,"b:34:4:38:Infinity:undefined:undefined:undefined:undefined":0,"s:34:4:38:Infinity":12,"s:35:6:35:Infinity":13,"s:36:6:36:Infinity":14,"s:37:6:37:Infinity":15,"s:40:4:40:Infinity":16,"s:42:24:42:Infinity":17,"s:43:22:43:Infinity":18,"s:44:27:44:Infinity":19,"s:47:35:47:Infinity":20,"s:49:4:51:Infinity":21,"f:49:38:49:39":2,"b:50:6:50:Infinity:undefined:undefined:undefined:undefined":1,"s:50:6:50:Infinity":22,"s:50:16:50:Infinity":23,"s:53:4:55:Infinity":24,"f:53:36:53:37":3,"b:54:6:54:Infinity:undefined:undefined:undefined:undefined":2,"s:54:6:54:Infinity":25,"s:54:16:54:Infinity":26,"s:57:4:62:Infinity":27,"f:57:41:57:42":4,"b:58:6:61:Infinity:undefined:undefined:undefined:undefined":3,"s:58:6:61:Infinity":28,"s:60:8:60:Infinity":29,"b:60:21:60:47:60:47:60:76:60:76:60:80":4,"s:65:37:65:Infinity":30,"s:67:31:102:Infinity":31,"f:67:31:67:37":5,"b:68:6:68:Infinity:undefined:undefined:undefined:undefined":5,"s:68:6:68:Infinity":32,"s:68:25:68:Infinity":33,"s:70:24:70:Infinity":34,"f:70:47:70:48":6,"s:70:59:70:75":35,"s:71:39:71:Infinity":36,"b:71:39:71:80:71:80:71:Infinity":6,"s:72:29:72:Infinity":37,"s:74:28:74:Infinity":38,"s:75:38:75:Infinity":39,"s:76:31:76:Infinity":40,"s:78:24:81:Infinity":41,"f:78:24:78:25":7,"s:79:23:79:Infinity":42,"s:80:8:80:Infinity":43,"s:82:28:82:Infinity":44,"s:84:6:96:Infinity":45,"b:88:16:88:32:88:32:88:Infinity":7,"b:98:6:100:Infinity:undefined:undefined:undefined:undefined":8,"s:98:6:100:Infinity":46,"b:98:10:98:26:98:26:98:53":9,"s:99:8:99:Infinity":47,"b:99:38:99:54:99:54:99:78":10,"s:101:6:101:Infinity":48,"s:104:4:112:Infinity":49,"f:104:55:104:56":8,"b:105:6:111:Infinity:108:13:111:Infinity":11,"s:105:6:111:Infinity":50,"s:106:8:106:Infinity":51,"s:107:8:107:Infinity":52,"s:109:8:109:Infinity":53,"s:110:8:110:Infinity":54,"s:114:4:117:Infinity":55,"f:114:68:114:69":9,"s:115:6:115:Infinity":56,"s:116:6:116:Infinity":57,"s:119:4:119:Infinity":58,"f:119:11:119:17":10,"s:119:17:119:Infinity":59,"f:119:32:119:38":11,"s:119:38:119:42":60,"s:122:28:187:Infinity":61,"f:122:28:122:40":12,"s:123:20:123:Infinity":62,"s:124:19:124:Infinity":63,"b:125:4:125:Infinity:undefined:undefined:undefined:undefined":12,"s:125:4:125:Infinity":64,"b:125:8:125:20:125:20:125:30":13,"s:125:30:125:Infinity":65,"b:128:4:132:Infinity:undefined:undefined:undefined:undefined":14,"s:128:4:132:Infinity":66,"s:129:6:129:Infinity":67,"s:130:6:130:Infinity":68,"s:131:6:131:Infinity":69,"s:134:4:186:Infinity":70,"s:136:12:136:Infinity":71,"s:138:18:154:Infinity":72,"s:157:6:157:Infinity":73,"s:159:6:162:Infinity":74,"s:164:6:164:Infinity":75,"s:166:6:166:Infinity":76,"s:169:27:171:Infinity":77,"b:170:10:170:Infinity:171:10:171:Infinity":15,"s:173:6:173:Infinity":78,"b:176:6:185:Infinity:undefined:undefined:undefined:undefined":16,"s:176:6:185:Infinity":79,"s:177:8:177:Infinity":80,"s:178:8:178:Infinity":81,"s:179:8:179:Infinity":82,"s:189:2:197:Infinity":83}}}
}
